Unity Editor version:    2021.3.13f1 (9e7d58001ecf)
Branch:                  2021.3/staging
Build type:              Release
Batch mode:              YES
System name:             Linux
Distro version:          #27-Ubuntu SMP PREEMPT_DYNAMIC Wed Nov 23 20:44:15 UTC 2022
Kernel version:          5.19.0-26-generic
Architecture:            x86_64
Available memory:        15963 MB
Using pre-set license
Pro License: YES

(Unity:469603): Gdk-CRITICAL **: 23:03:33.606: gdk_window_get_cursor: assertion 'GDK_IS_WINDOW (window)' failed
Desktop is 1920 x 2160 @ 60 Hz
Initialize udev device monitor.

COMMAND LINE ARGUMENTS:
Unity
-adb2
-batchMode
-noUpm
-name
AssetImportWorker0
-projectPath
/media/centon/Centon/File/Project/Github/LethalTrigger
-logFile
Logs/AssetImportWorker0.log
-srvPort
34969
Successfully changed project path to: /media/centon/Centon/File/Project/Github/LethalTrigger
/media/centon/Centon/File/Project/Github/LethalTrigger
[UnityMemory] Configuration Parameters - Can be set up in boot.config
    "memorysetup-bucket-allocator-granularity=16"
    "memorysetup-bucket-allocator-bucket-count=8"
    "memorysetup-bucket-allocator-block-size=33554432"
    "memorysetup-bucket-allocator-block-count=8"
    "memorysetup-main-allocator-block-size=16777216"
    "memorysetup-thread-allocator-block-size=16777216"
    "memorysetup-gfx-main-allocator-block-size=16777216"
    "memorysetup-gfx-thread-allocator-block-size=16777216"
    "memorysetup-cache-allocator-block-size=4194304"
    "memorysetup-typetree-allocator-block-size=2097152"
    "memorysetup-profiler-bucket-allocator-granularity=16"
    "memorysetup-profiler-bucket-allocator-bucket-count=8"
    "memorysetup-profiler-bucket-allocator-block-size=33554432"
    "memorysetup-profiler-bucket-allocator-block-count=8"
    "memorysetup-profiler-allocator-block-size=16777216"
    "memorysetup-profiler-editor-allocator-block-size=1048576"
    "memorysetup-temp-allocator-size-main=16777216"
    "memorysetup-job-temp-allocator-block-size=2097152"
    "memorysetup-job-temp-allocator-block-size-background=1048576"
    "memorysetup-job-temp-allocator-reduction-small-platforms=262144"
    "memorysetup-temp-allocator-size-background-worker=32768"
    "memorysetup-temp-allocator-size-job-worker=262144"
    "memorysetup-temp-allocator-size-preload-manager=33554432"
    "memorysetup-temp-allocator-size-nav-mesh-worker=65536"
    "memorysetup-temp-allocator-size-audio-worker=65536"
    "memorysetup-temp-allocator-size-cloud-worker=32768"
    "memorysetup-temp-allocator-size-gi-baking-worker=262144"
    "memorysetup-temp-allocator-size-gfx=262144"
Refreshing native plugins compatible for Editor in 227.30 ms, found 2 plugins.
Preloading 0 native plugins for Editor in 0.00 ms.
Initialize engine version: 2021.3.13f1 (9e7d58001ecf)
[Subsystems] Discovering subsystems at path /home/centon/Unity/Hub/Editor/2021.3.13f1/Editor/Data/Resources/UnitySubsystems
[Subsystems] Discovering subsystems at path /media/centon/Centon/File/Project/Github/LethalTrigger/Assets
GLX Extensions: GLX_ARB_get_proc_address GLX_ARB_multisample GLX_EXT_visual_info GLX_EXT_visual_rating GLX_EXT_import_context GLX_SGI_video_sync GLX_SGIX_fbconfig GLX_SGIX_pbuffer GLX_SGI_swap_control GLX_EXT_swap_control GLX_EXT_swap_control_tear GLX_EXT_buffer_age GLX_ARB_create_context GLX_ARB_create_context_profile GLX_NV_float_buffer GLX_ARB_fbconfig_float GLX_EXT_texture_from_pixmap GLX_EXT_framebuffer_sRGB GLX_NV_copy_image GLX_EXT_create_context_es_profile GLX_EXT_create_context_es2_profile GLX_ARB_create_context_no_error GLX_ARB_create_context_robustness GLX_NV_delay_before_swap GLX_EXT_stereo_tree GLX_ARB_context_flush_control GLX_NV_robustness_video_memory_purge GLX_NV_multigpu_context 
Renderer: NVIDIA GeForce GTX 1050 Ti/PCIe/SSE2
Vendor:   NVIDIA Corporation
Version:  4.5.0 NVIDIA 515.86.01
GLES:     0
 GL_AMD_multi_draw_indirect GL_AMD_seamless_cubemap_per_texture GL_AMD_vertex_shader_viewport_index GL_AMD_vertex_shader_layer GL_ARB_arrays_of_arrays GL_ARB_base_instance GL_ARB_bindless_texture GL_ARB_blend_func_extended GL_ARB_buffer_storage GL_ARB_clear_buffer_object GL_ARB_clear_texture GL_ARB_clip_control GL_ARB_color_buffer_float GL_ARB_compressed_texture_pixel_storage GL_ARB_conservative_depth GL_ARB_compute_shader GL_ARB_compute_variable_group_size GL_ARB_conditional_render_inverted GL_ARB_copy_buffer GL_ARB_copy_image GL_ARB_cull_distance GL_ARB_debug_output GL_ARB_depth_buffer_float GL_ARB_depth_clamp GL_ARB_depth_texture GL_ARB_derivative_control GL_ARB_direct_state_access GL_ARB_draw_buffers GL_ARB_draw_buffers_blend GL_ARB_draw_indirect GL_ARB_draw_elements_base_vertex GL_ARB_draw_instanced GL_ARB_enhanced_layouts GL_ARB_ES2_compatibility GL_ARB_ES3_compatibility GL_ARB_ES3_1_compatibility GL_ARB_ES3_2_compatibility GL_ARB_explicit_attrib_location GL_ARB_explicit_uniform_location GL_ARB_fragmen
t_coord_conventions GL_ARB_fragment_layer_viewport GL_ARB_fragment_program GL_ARB_fragment_program_shadow GL_ARB_fragment_shader GL_ARB_fragment_shader_interlock GL_ARB_framebuffer_no_attachments GL_ARB_framebuffer_object GL_ARB_framebuffer_sRGB GL_ARB_geometry_shader4 GL_ARB_get_program_binary GL_ARB_get_texture_sub_image GL_ARB_gl_spirv GL_ARB_gpu_shader5 GL_ARB_gpu_shader_fp64 GL_ARB_gpu_shader_int64 GL_ARB_half_float_pixel GL_ARB_half_float_vertex GL_ARB_imaging GL_ARB_indirect_parameters GL_ARB_instanced_arrays GL_ARB_internalformat_query GL_ARB_internalformat_query2 GL_ARB_invalidate_subdata GL_ARB_map_buffer_alignment GL_ARB_map_buffer_range GL_ARB_multi_bind GL_ARB_multi_draw_indirect GL_ARB_multisample GL_ARB_multitexture GL_ARB_occlusion_query GL_ARB_occlusion_query2 GL_ARB_parallel_shader_compile GL_ARB_pipeline_statistics_query GL_ARB_pixel_buffer_object GL_ARB_point_parameters GL_ARB_point_sprite GL_ARB_polygon_offset_clamp GL_ARB_post_depth_coverage GL_ARB_program_interface_query GL_ARB_provoki
ng_vertex GL_ARB_query_buffer_object GL_ARB_robust_buffer_access_behavior GL_ARB_robustness GL_ARB_sample_locations GL_ARB_sample_shading GL_ARB_sampler_objects GL_ARB_seamless_cube_map GL_ARB_seamless_cubemap_per_texture GL_ARB_separate_shader_objects GL_ARB_shader_atomic_counter_ops GL_ARB_shader_atomic_counters GL_ARB_shader_ballot GL_ARB_shader_bit_encoding GL_ARB_shader_clock GL_ARB_shader_draw_parameters GL_ARB_shader_group_vote GL_ARB_shader_image_load_store GL_ARB_shader_image_size GL_ARB_shader_objects GL_ARB_shader_precision GL_ARB_shader_storage_buffer_object GL_ARB_shader_subroutine GL_ARB_shader_texture_image_samples GL_ARB_shader_texture_lod GL_ARB_shading_language_100 GL_ARB_shader_viewport_layer_array GL_ARB_shading_language_420pack GL_ARB_shading_language_include GL_ARB_shading_language_packing GL_ARB_shadow GL_ARB_sparse_buffer GL_ARB_sparse_texture GL_ARB_sparse_texture2 GL_ARB_sparse_texture_clamp GL_ARB_spirv_extensions GL_ARB_stencil_texturing GL_ARB_sync GL_ARB_tessellation_shader GL_A
RB_texture_barrier GL_ARB_texture_border_clamp GL_ARB_texture_buffer_object GL_ARB_texture_buffer_object_rgb32 GL_ARB_texture_buffer_range GL_ARB_texture_compression GL_ARB_texture_compression_bptc GL_ARB_texture_compression_rgtc GL_ARB_texture_cube_map GL_ARB_texture_cube_map_array GL_ARB_texture_env_add GL_ARB_texture_env_combine GL_ARB_texture_env_crossbar GL_ARB_texture_env_dot3 GL_ARB_texture_filter_anisotropic GL_ARB_texture_filter_minmax GL_ARB_texture_float GL_ARB_texture_gather GL_ARB_texture_mirror_clamp_to_edge GL_ARB_texture_mirrored_repeat GL_ARB_texture_multisample GL_ARB_texture_non_power_of_two GL_ARB_texture_query_levels GL_ARB_texture_query_lod GL_ARB_texture_rectangle GL_ARB_texture_rg GL_ARB_texture_rgb10_a2ui GL_ARB_texture_stencil8 GL_ARB_texture_storage GL_ARB_texture_storage_multisample GL_ARB_texture_swizzle GL_ARB_texture_view GL_ARB_timer_query GL_ARB_transform_feedback2 GL_ARB_transform_feedback3 GL_ARB_transform_feedback_instanced GL_ARB_transform_feedback_overflow_query GL_ARB_t
ranspose_matrix GL_ARB_uniform_buffer_object GL_ARB_vertex_array_bgra GL_ARB_vertex_array_object GL_ARB_vertex_attrib_64bit GL_ARB_vertex_attrib_binding GL_ARB_vertex_buffer_object GL_ARB_vertex_program GL_ARB_vertex_shader GL_ARB_vertex_type_10f_11f_11f_rev GL_ARB_vertex_type_2_10_10_10_rev GL_ARB_viewport_array GL_ARB_window_pos GL_ATI_draw_buffers GL_ATI_texture_float GL_ATI_texture_mirror_once GL_S3_s3tc GL_EXT_texture_env_add GL_EXT_abgr GL_EXT_bgra GL_EXT_bindable_uniform GL_EXT_blend_color GL_EXT_blend_equation_separate GL_EXT_blend_func_separate GL_EXT_blend_minmax GL_EXT_blend_subtract GL_EXT_compiled_vertex_array GL_EXT_Cg_shader GL_EXT_depth_bounds_test GL_EXT_direct_state_access GL_EXT_draw_buffers2 GL_EXT_draw_instanced GL_EXT_draw_range_elements GL_EXT_fog_coord GL_EXT_framebuffer_blit GL_EXT_framebuffer_multisample GL_EXTX_framebuffer_mixed_formats GL_EXT_framebuffer_multisample_blit_scaled GL_EXT_framebuffer_object GL_EXT_framebuffer_sRGB GL_EXT_geometry_shader4 GL_EXT_gpu_program_parameters 
GL_EXT_gpu_shader4 GL_EXT_multi_draw_arrays GL_EXT_multiview_texture_multisample GL_EXT_multiview_timer_query GL_EXT_packed_depth_stencil GL_EXT_packed_float GL_EXT_packed_pixels GL_EXT_pixel_buffer_object GL_EXT_point_parameters GL_EXT_polygon_offset_clamp GL_EXT_post_depth_coverage GL_EXT_provoking_vertex GL_EXT_raster_multisample GL_EXT_rescale_normal GL_EXT_secondary_color GL_EXT_separate_shader_objects GL_EXT_separate_specular_color GL_EXT_shader_image_load_formatted GL_EXT_shader_image_load_store GL_EXT_shader_integer_mix GL_EXT_shadow_funcs GL_EXT_sparse_texture2 GL_EXT_stencil_two_side GL_EXT_stencil_wrap GL_EXT_texture3D GL_EXT_texture_array GL_EXT_texture_buffer_object GL_EXT_texture_compression_dxt1 GL_EXT_texture_compression_latc GL_EXT_texture_compression_rgtc GL_EXT_texture_compression_s3tc GL_EXT_texture_cube_map GL_EXT_texture_edge_clamp GL_EXT_texture_env_combine GL_EXT_texture_env_dot3 GL_EXT_texture_filter_anisotropic GL_EXT_texture_filter_minmax GL_EXT_texture_integer GL_EXT_texture_lod G
L_EXT_texture_lod_bias GL_EXT_texture_mirror_clamp GL_EXT_texture_object GL_EXT_texture_shadow_lod GL_EXT_texture_shared_exponent GL_EXT_texture_sRGB GL_EXT_texture_sRGB_R8 GL_EXT_texture_sRGB_decode GL_EXT_texture_storage GL_EXT_texture_swizzle GL_EXT_timer_query GL_EXT_transform_feedback2 GL_EXT_vertex_array GL_EXT_vertex_array_bgra GL_EXT_vertex_attrib_64bit GL_EXT_window_rectangles GL_EXT_x11_sync_object GL_EXT_import_sync_object GL_NV_robustness_video_memory_purge GL_IBM_rasterpos_clip GL_IBM_texture_mirrored_repeat GL_KHR_context_flush_control GL_KHR_debug GL_EXT_memory_object GL_EXT_memory_object_fd GL_NV_memory_object_sparse GL_KHR_parallel_shader_compile GL_KHR_no_error GL_KHR_robust_buffer_access_behavior GL_KHR_robustness GL_EXT_semaphore GL_EXT_semaphore_fd GL_NV_timeline_semaphore GL_KHR_shader_subgroup GL_KTX_buffer_region GL_NV_alpha_to_coverage_dither_control GL_NV_bindless_multi_draw_indirect GL_NV_bindless_multi_draw_indirect_count GL_NV_bindless_texture GL_NV_blend_equation_advanced GL_NV_
blend_equation_advanced_coherent GL_NVX_blend_equation_advanced_multi_draw_buffers GL_NV_blend_minmax_factor GL_NV_blend_square GL_NV_clip_space_w_scaling GL_NV_command_list GL_NV_compute_program5 GL_NV_conditional_render GL_NV_conservative_raster GL_NV_conservative_raster_dilate GL_NV_conservative_raster_pre_snap_triangles GL_NV_copy_depth_to_color GL_NV_copy_image GL_NV_depth_buffer_float GL_NV_depth_clamp GL_NV_draw_texture GL_NV_draw_vulkan_image GL_NV_ES1_1_compatibility GL_NV_ES3_1_compatibility GL_NV_explicit_multisample GL_NV_feature_query GL_NV_fence GL_NV_fill_rectangle GL_NV_float_buffer GL_NV_fog_distance GL_NV_fragment_coverage_to_color GL_NV_fragment_program GL_NV_fragment_program_option GL_NV_fragment_program2 GL_NV_fragment_shader_interlock GL_NV_framebuffer_mixed_samples GL_NV_framebuffer_multisample_coverage GL_NV_geometry_shader4 GL_NV_geometry_shader_passthrough GL_NV_gpu_program4 GL_NV_internalformat_sample_query GL_NV_gpu_program4_1 GL_NV_gpu_program5 GL_NV_gpu_program5_mem_extended GL_
NV_gpu_program_fp64 GL_NV_gpu_shader5 GL_NV_half_float GL_NV_light_max_exponent GL_NV_memory_attachment GL_NV_multisample_coverage GL_NV_multisample_filter_hint GL_NV_occlusion_query GL_NV_packed_depth_stencil GL_NV_parameter_buffer_object GL_NV_parameter_buffer_object2 GL_NV_path_rendering GL_NV_path_rendering_shared_edge GL_NV_pixel_data_range GL_NV_point_sprite GL_NV_primitive_restart GL_NV_query_resource GL_NV_query_resource_tag GL_NV_register_combiners GL_NV_register_combiners2 GL_NV_sample_locations GL_NV_sample_mask_override_coverage GL_NV_shader_atomic_counters GL_NV_shader_atomic_float GL_NV_shader_atomic_float64 GL_NV_shader_atomic_fp16_vector GL_NV_shader_atomic_int64 GL_NV_shader_buffer_load GL_NV_shader_storage_buffer_object GL_NV_shader_subgroup_partitioned GL_NV_stereo_view_rendering GL_NV_texgen_reflection GL_NV_texture_barrier GL_NV_texture_compression_vtc GL_NV_texture_env_combine4 GL_NV_texture_multisample GL_NV_texture_rectangle GL_NV_texture_rectangle_compressed GL_NV_texture_shader GL_N
V_texture_shader2 GL_NV_texture_shader3 GL_NV_transform_feedback GL_NV_transform_feedback2 GL_NV_uniform_buffer_unified_memory GL_NV_vdpau_interop GL_NV_vdpau_interop2 GL_NV_vertex_array_range GL_NV_vertex_array_range2 GL_NV_vertex_attrib_integer_64bit GL_NV_vertex_buffer_unified_memory GL_NV_vertex_program GL_NV_vertex_program1_1 GL_NV_vertex_program2 GL_NV_vertex_program2_option GL_NV_vertex_program3 GL_NV_viewport_array2 GL_NV_viewport_swizzle GL_NVX_conditional_render GL_NV_gpu_multicast GL_NVX_progress_fence GL_NVX_gpu_memory_info GL_NVX_nvenc_interop GL_NV_shader_thread_group GL_NV_shader_thread_shuffle GL_KHR_blend_equation_advanced GL_KHR_blend_equation_advanced_coherent GL_OVR_multiview GL_OVR_multiview2 GL_SGIS_generate_mipmap GL_SGIS_texture_lod GL_SGIX_depth_texture GL_SGIX_shadow GL_SUN_slice_accum
OPENGL LOG: Creating OpenGL 4.5 graphics device ; Context level  <OpenGL 4.5> ; Context handle 193213256
Initialize mono
Mono path[0] = '/home/centon/Unity/Hub/Editor/2021.3.13f1/Editor/Data/Managed'
Mono path[1] = '/home/centon/Unity/Hub/Editor/2021.3.13f1/Editor/Data/MonoBleedingEdge/lib/mono/unityjit-linux'
Mono config path = '/home/centon/Unity/Hub/Editor/2021.3.13f1/Editor/Data/MonoBleedingEdge/etc'
Using monoOptions --debugger-agent=transport=dt_socket,embedding=1,server=y,suspend=n,address=127.0.0.1:56603
Begin MonoManager ReloadAssembly
Registering precompiled unity dll's ...
Register platform support module: /home/centon/Unity/Hub/Editor/2021.3.13f1/Editor/Data/PlaybackEngines/WebGLSupport/UnityEditor.WebGL.Extensions.dll
Register platform support module: /home/centon/Unity/Hub/Editor/2021.3.13f1/Editor/Data/PlaybackEngines/AndroidPlayer/UnityEditor.Android.Extensions.dll
Register platform support module: /home/centon/Unity/Hub/Editor/2021.3.13f1/Editor/Data/PlaybackEngines/WindowsStandaloneSupport/UnityEditor.WindowsStandalone.Extensions.dll
Register platform support module: /home/centon/Unity/Hub/Editor/2021.3.13f1/Editor/Data/PlaybackEngines/LinuxStandaloneSupport/UnityEditor.LinuxStandalone.Extensions.dll
Registered in 0.029665 seconds.
Native extension for LinuxStandalone target not found
Native extension for WindowsStandalone target not found
Native extension for Android target not found
Native extension for WebGL target not found
Refreshing native plugins compatible for Editor in 138.31 ms, found 2 plugins.
Preloading 0 native plugins for Editor in 0.00 ms.
Mono: successfully reloaded assembly
- Completed reload, in  0.953 seconds
Domain Reload Profiling:
	ReloadAssembly (958ms)
		BeginReloadAssembly (83ms)
			ExecutionOrderSort (0ms)
			DisableScriptedObjects (0ms)
			BackupInstance (0ms)
			ReleaseScriptingObjects (0ms)
			CreateAndSetChildDomain (1ms)
		EndReloadAssembly (701ms)
			LoadAssemblies (77ms)
			RebuildTransferFunctionScriptingTraits (0ms)
			SetupTypeCache (145ms)
			ReleaseScriptCaches (0ms)
			RebuildScriptCaches (36ms)
			SetupLoadedEditorAssemblies (401ms)
				LogAssemblyErrors (0ms)
				InitializePlatformSupportModulesInManaged (69ms)
				SetLoadedEditorAssemblies (0ms)
				RefreshPlugins (138ms)
				BeforeProcessingInitializeOnLoad (1ms)
				ProcessInitializeOnLoadAttributes (131ms)
				ProcessInitializeOnLoadMethodAttributes (61ms)
				AfterProcessingInitializeOnLoad (0ms)
				EditorAssembliesLoaded (0ms)
			ExecutionOrderSort2 (0ms)
			AwakeInstancesAfterBackupRestoration (0ms)
Platform modules already initialized, skipping
Registering precompiled user dll's ...
Registered in 0.129341 seconds.
Android Extension - Scanning For ADB Devices 6515 ms
Begin MonoManager ReloadAssembly
Native extension for LinuxStandalone target not found
Native extension for WindowsStandalone target not found
Native extension for Android target not found
Native extension for WebGL target not found
Refreshing native plugins compatible for Editor in 140.66 ms, found 2 plugins.
Preloading 0 native plugins for Editor in 0.00 ms.
UpdateMenuTitleForLanguage: 10
Mono: successfully reloaded assembly
- Completed reload, in  2.598 seconds
Domain Reload Profiling:
	ReloadAssembly (2599ms)
		BeginReloadAssembly (128ms)
			ExecutionOrderSort (0ms)
			DisableScriptedObjects (7ms)
			BackupInstance (0ms)
			ReleaseScriptingObjects (0ms)
			CreateAndSetChildDomain (33ms)
		EndReloadAssembly (2253ms)
			LoadAssemblies (321ms)
			RebuildTransferFunctionScriptingTraits (0ms)
			SetupTypeCache (342ms)
			ReleaseScriptCaches (3ms)
			RebuildScriptCaches (122ms)
			SetupLoadedEditorAssemblies (1290ms)
				LogAssemblyErrors (0ms)
				InitializePlatformSupportModulesInManaged (35ms)
				SetLoadedEditorAssemblies (0ms)
				RefreshPlugins (141ms)
				BeforeProcessingInitializeOnLoad (389ms)
				ProcessInitializeOnLoadAttributes (449ms)
				ProcessInitializeOnLoadMethodAttributes (268ms)
				AfterProcessingInitializeOnLoad (9ms)
				EditorAssembliesLoaded (0ms)
			ExecutionOrderSort2 (0ms)
			AwakeInstancesAfterBackupRestoration (6ms)
Platform modules already initialized, skipping
========================================================================
Worker process is ready to serve import requests
Launched and connected shader compiler UnityShaderCompiler after 0.02 seconds
Refreshing native plugins compatible for Editor in 1.16 ms, found 2 plugins.
Preloading 0 native plugins for Editor in 0.00 ms.
Unloading 5889 Unused Serialized files (Serialized files now loaded: 0)
Unloading 96 unused Assets / (10.1 MB). Loaded Objects now: 6314.
Memory consumption went from 272.6 MB to 262.5 MB.
Total: 19.054204 ms (FindLiveObjects: 0.489655 ms CreateObjectMapping: 0.454407 ms MarkObjects: 7.127942 ms  DeleteObjects: 10.980504 ms)

AssetImportParameters requested are different than current active one (requested -> active):
  custom:video-decoder-ogg-theora: a1e56fd34408186e4bbccfd4996cb3dc -> 
  custom:container-muxer-webm: aa71ff27fc2769a1b78a27578f13a17b -> 
  custom:container-demuxer-webm: 4f35f7cbe854078d1ac9338744f61a02 -> 
  custom:video-encoder-webm-vp8: eb34c28f22e8b96e1ab97ce403110664 -> 
  custom:audio-encoder-webm-vorbis: bf7c407c2cedff20999df2af8eb42d56 -> 
  custom:container-demuxer-ogg: 62fdf1f143b41e24485cea50d1cbac27 -> 
  custom:video-decoder-webm-vp8: 9c59270c3fd7afecdb556c50c9e8de78 -> 
  custom:audio-decoder-ogg-vorbis: bf7c407c2cedff20999df2af8eb42d56 -> 
========================================================================
Received Import Request.
  Time since last request: 237693.316371 seconds.
  path: Assets/Characters/Natalia/Natalia.prefab
  artifactKey: Guid(0cef48cb926a9704296c560d3d644567) Importer(815301076,1909f56bfc062723c751e8b465ee728b)
Start importing Assets/Characters/Natalia/Natalia.prefab using Guid(0cef48cb926a9704296c560d3d644567) Importer(815301076,1909f56bfc062723c751e8b465ee728b)  -> (artifact id: '11848b26c6bef0e1bc62ceb7ed823634') in 4.139377 seconds 
========================================================================
Received Import Request.
  Time since last request: 358.019288 seconds.
  path: Assets/Characters/Creno/Creno.prefab
  artifactKey: Guid(a7be9982e6deacd4f8c78b84e6b30da1) Importer(815301076,1909f56bfc062723c751e8b465ee728b)
Start importing Assets/Characters/Creno/Creno.prefab using Guid(a7be9982e6deacd4f8c78b84e6b30da1) Importer(815301076,1909f56bfc062723c751e8b465ee728b)  -> (artifact id: '98c5ca4b149d62d121ad9b22e147daf2') in 4.023784 seconds 
========================================================================
Received Import Request.
  Time since last request: 9.651139 seconds.
  path: Assets/Characters/Creno/Creno_N.Materials/N00_000_00_Body_00_SKIN (Instance).asset
  artifactKey: Guid(941b98196b2df7247ad39ee0baec8960) Importer(815301076,1909f56bfc062723c751e8b465ee728b)
Start importing Assets/Characters/Creno/Creno_N.Materials/N00_000_00_Body_00_SKIN (Instance).asset using Guid(941b98196b2df7247ad39ee0baec8960) Importer(815301076,1909f56bfc062723c751e8b465ee728b)  -> (artifact id: '817ccea28ca95e18daec52b2bbb3cecf') in 0.043059 seconds 
========================================================================
Received Import Request.
  Time since last request: 0.000031 seconds.
  path: Assets/Characters/Creno/Creno_N.Materials/N00_007_01_Tops_01_CLOTH_03 (Instance).asset
  artifactKey: Guid(e988c60a2aab0824bbaa5ba60723d86d) Importer(815301076,1909f56bfc062723c751e8b465ee728b)
Start importing Assets/Characters/Creno/Creno_N.Materials/N00_007_01_Tops_01_CLOTH_03 (Instance).asset using Guid(e988c60a2aab0824bbaa5ba60723d86d) Importer(815301076,1909f56bfc062723c751e8b465ee728b)  -> (artifact id: '15160df9b85029dffd0b50e67b9e3cde') in 0.395084 seconds 
========================================================================
Received Import Request.
  Time since last request: 0.000036 seconds.
  path: Assets/Characters/Creno/Creno_N.Materials/N00_007_01_Tops_01_CLOTH_01 (Instance).asset
  artifactKey: Guid(5110a480a9d41c948914b26f030488ee) Importer(815301076,1909f56bfc062723c751e8b465ee728b)
Start importing Assets/Characters/Creno/Creno_N.Materials/N00_007_01_Tops_01_CLOTH_01 (Instance).asset using Guid(5110a480a9d41c948914b26f030488ee) Importer(815301076,1909f56bfc062723c751e8b465ee728b)  -> (artifact id: '9ca30ea6d7d647cb5ee3c9808f9f97ac') in 0.033578 seconds 
========================================================================
Received Import Request.
  Time since last request: 0.000055 seconds.
  path: Assets/Characters/Creno/Creno_N.Materials/N00_000_00_FaceMouth_00_FACE (Instance).asset
  artifactKey: Guid(6604e66536f73be47ab2ea6da4a5bb28) Importer(815301076,1909f56bfc062723c751e8b465ee728b)
Start importing Assets/Characters/Creno/Creno_N.Materials/N00_000_00_FaceMouth_00_FACE (Instance).asset using Guid(6604e66536f73be47ab2ea6da4a5bb28) Importer(815301076,1909f56bfc062723c751e8b465ee728b)  -> (artifact id: '578832b4ea715feb4b5d4247baf7eaa3') in 0.051918 seconds 
========================================================================
Received Import Request.
  Time since last request: 0.000037 seconds.
  path: Assets/Characters/Creno/Creno_N.Materials/N00_000_Hair_00_HAIR_01 (Instance).asset
  artifactKey: Guid(5ad34fdf7a530af418a62f5508696569) Importer(815301076,1909f56bfc062723c751e8b465ee728b)
Start importing Assets/Characters/Creno/Creno_N.Materials/N00_000_Hair_00_HAIR_01 (Instance).asset using Guid(5ad34fdf7a530af418a62f5508696569) Importer(815301076,1909f56bfc062723c751e8b465ee728b)  -> (artifact id: '4cf2ef5b9249fd2e49792820e3e65196') in 0.051147 seconds 
========================================================================
Received Import Request.
  Time since last request: 0.000026 seconds.
  path: Assets/Characters/Creno/Creno_N.Materials/N00_000_00_FaceEyeline_00_FACE (Instance).asset
  artifactKey: Guid(664b1a61257125c4eb518eabe133bc72) Importer(815301076,1909f56bfc062723c751e8b465ee728b)
Start importing Assets/Characters/Creno/Creno_N.Materials/N00_000_00_FaceEyeline_00_FACE (Instance).asset using Guid(664b1a61257125c4eb518eabe133bc72) Importer(815301076,1909f56bfc062723c751e8b465ee728b)  -> (artifact id: '93824ebfdac1db2eb56cb6e054a50a92') in 0.032254 seconds 
========================================================================
Received Import Request.
  Time since last request: 0.000031 seconds.
  path: Assets/Characters/Creno/Creno_N.Materials/N00_000_00_FaceBrow_00_FACE (Instance).asset
  artifactKey: Guid(c79999731de4d2b41afffd0eaab8eef3) Importer(815301076,1909f56bfc062723c751e8b465ee728b)
Start importing Assets/Characters/Creno/Creno_N.Materials/N00_000_00_FaceBrow_00_FACE (Instance).asset using Guid(c79999731de4d2b41afffd0eaab8eef3) Importer(815301076,1909f56bfc062723c751e8b465ee728b)  -> (artifact id: '9822bdc96e8d947cecf572c48bd92235') in 0.048893 seconds 
========================================================================
Received Import Request.
  Time since last request: 0.000044 seconds.
  path: Assets/Characters/Creno/Creno_N.Materials/N00_000_00_EyeIris_00_EYE (Instance).asset
  artifactKey: Guid(f37faa1077281e34c827b876de01dcde) Importer(815301076,1909f56bfc062723c751e8b465ee728b)
Start importing Assets/Characters/Creno/Creno_N.Materials/N00_000_00_EyeIris_00_EYE (Instance).asset using Guid(f37faa1077281e34c827b876de01dcde) Importer(815301076,1909f56bfc062723c751e8b465ee728b)  -> (artifact id: '6e42d4b814aa228a15e0407d9407ef87') in 0.033701 seconds 
========================================================================
Received Import Request.
  Time since last request: 0.000041 seconds.
  path: Assets/Characters/Creno/Creno_N.Materials/N00_000_00_FaceEyelash_00_FACE (Instance).asset
  artifactKey: Guid(2a8d2c36ea97bab47878125da749ed6f) Importer(815301076,1909f56bfc062723c751e8b465ee728b)
Start importing Assets/Characters/Creno/Creno_N.Materials/N00_000_00_FaceEyelash_00_FACE (Instance).asset using Guid(2a8d2c36ea97bab47878125da749ed6f) Importer(815301076,1909f56bfc062723c751e8b465ee728b)  -> (artifact id: '04271a0b881d2e429054ca3768813c2c') in 0.040950 seconds 
========================================================================
Received Import Request.
  Time since last request: 0.000033 seconds.
  path: Assets/Characters/Creno/Creno_N.Materials/N00_001_01_Bottoms_01_CLOTH (Instance).asset
  artifactKey: Guid(39bf3e35e277fbc4d935e9d7fc4c1aa3) Importer(815301076,1909f56bfc062723c751e8b465ee728b)
Start importing Assets/Characters/Creno/Creno_N.Materials/N00_001_01_Bottoms_01_CLOTH (Instance).asset using Guid(39bf3e35e277fbc4d935e9d7fc4c1aa3) Importer(815301076,1909f56bfc062723c751e8b465ee728b)  -> (artifact id: '1bef477fb67e6d8ae125907b8f6e1fee') in 0.068716 seconds 
========================================================================
Received Import Request.
  Time since last request: 0.000033 seconds.
  path: Assets/Characters/Creno/Creno_N.Materials/N00_000_00_EyeWhite_00_EYE (Instance).asset
  artifactKey: Guid(04f8d60b46e28f04ba58fa4e12bfdeb4) Importer(815301076,1909f56bfc062723c751e8b465ee728b)
Start importing Assets/Characters/Creno/Creno_N.Materials/N00_000_00_EyeWhite_00_EYE (Instance).asset using Guid(04f8d60b46e28f04ba58fa4e12bfdeb4) Importer(815301076,1909f56bfc062723c751e8b465ee728b)  -> (artifact id: 'f2992443f2ebaacf0a4183f306e24644') in 0.056452 seconds 
========================================================================
Received Import Request.
  Time since last request: 0.000051 seconds.
  path: Assets/Characters/Creno/Creno_N.Materials/N00_001_01_Accessory_Tie_01_CLOTH (Instance).asset
  artifactKey: Guid(5b8c213f52b33ca49a4a147b65c9eb0e) Importer(815301076,1909f56bfc062723c751e8b465ee728b)
Start importing Assets/Characters/Creno/Creno_N.Materials/N00_001_01_Accessory_Tie_01_CLOTH (Instance).asset using Guid(5b8c213f52b33ca49a4a147b65c9eb0e) Importer(815301076,1909f56bfc062723c751e8b465ee728b)  -> (artifact id: '24ac017be1e39a6150232cf87f44d926') in 0.052703 seconds 
========================================================================
Received Import Request.
  Time since last request: 0.000036 seconds.
  path: Assets/Characters/Creno/Creno_N.Materials/N00_007_01_Tops_01_CLOTH_02 (Instance).asset
  artifactKey: Guid(2f263855d0e34ee41b8d77146fc87dec) Importer(815301076,1909f56bfc062723c751e8b465ee728b)
Start importing Assets/Characters/Creno/Creno_N.Materials/N00_007_01_Tops_01_CLOTH_02 (Instance).asset using Guid(2f263855d0e34ee41b8d77146fc87dec) Importer(815301076,1909f56bfc062723c751e8b465ee728b)  -> (artifact id: '547586ff283286b5be2539f920dd3132') in 0.048520 seconds 
========================================================================
Received Import Request.
  Time since last request: 0.000038 seconds.
  path: Assets/Characters/Creno/Creno_N.Materials/N00_007_03_Tops_01_CLOTH (Instance).asset
  artifactKey: Guid(a58cbf7d2a14fdc4983ba0188d1bb3a0) Importer(815301076,1909f56bfc062723c751e8b465ee728b)
Start importing Assets/Characters/Creno/Creno_N.Materials/N00_007_03_Tops_01_CLOTH (Instance).asset using Guid(a58cbf7d2a14fdc4983ba0188d1bb3a0) Importer(815301076,1909f56bfc062723c751e8b465ee728b)  -> (artifact id: '8bbcff14f8c3189da4a6aec9fca13ba0') in 0.036111 seconds 
========================================================================
Received Import Request.
  Time since last request: 0.000038 seconds.
  path: Assets/Characters/Creno/Creno_N.Materials/N00_000_00_Face_00_SKIN (Instance).asset
  artifactKey: Guid(7db526a7b975a9f4e8a174a6ebd499e8) Importer(815301076,1909f56bfc062723c751e8b465ee728b)
Start importing Assets/Characters/Creno/Creno_N.Materials/N00_000_00_Face_00_SKIN (Instance).asset using Guid(7db526a7b975a9f4e8a174a6ebd499e8) Importer(815301076,1909f56bfc062723c751e8b465ee728b)  -> (artifact id: '4d6f46cb08c422e27a3a80feadfe9c47') in 0.050831 seconds 
========================================================================
Received Import Request.
  Time since last request: 0.000033 seconds.
  path: Assets/Characters/Creno/Creno_N.Materials/N00_002_01_Shoes_01_CLOTH (Instance).asset
  artifactKey: Guid(cad4ba89e0142664a9e396be5a860bb6) Importer(815301076,1909f56bfc062723c751e8b465ee728b)
Start importing Assets/Characters/Creno/Creno_N.Materials/N00_002_01_Shoes_01_CLOTH (Instance).asset using Guid(cad4ba89e0142664a9e396be5a860bb6) Importer(815301076,1909f56bfc062723c751e8b465ee728b)  -> (artifact id: 'a2a8462f3fbbf7d490ce8ceab913b51e') in 0.051348 seconds 
========================================================================
Received Import Request.
  Time since last request: 0.000034 seconds.
  path: Assets/Characters/Creno/Creno_N.Materials/N00_000_00_HairBack_00_HAIR (Instance).asset
  artifactKey: Guid(bad8ff9c15b35084ab721e6c535f71bf) Importer(815301076,1909f56bfc062723c751e8b465ee728b)
Start importing Assets/Characters/Creno/Creno_N.Materials/N00_000_00_HairBack_00_HAIR (Instance).asset using Guid(bad8ff9c15b35084ab721e6c535f71bf) Importer(815301076,1909f56bfc062723c751e8b465ee728b)  -> (artifact id: 'dd1484f4112e5e685535c4f048f35cce') in 0.039594 seconds 
========================================================================
Received Import Request.
  Time since last request: 0.000053 seconds.
  path: Assets/Characters/Creno/Creno_N.Materials/N00_000_00_EyeHighlight_00_EYE (Instance).asset
  artifactKey: Guid(7b6f9f82b4fc9134fa9f6e14df499488) Importer(815301076,1909f56bfc062723c751e8b465ee728b)
Start importing Assets/Characters/Creno/Creno_N.Materials/N00_000_00_EyeHighlight_00_EYE (Instance).asset using Guid(7b6f9f82b4fc9134fa9f6e14df499488) Importer(815301076,1909f56bfc062723c751e8b465ee728b)  -> (artifact id: '937e7afcc3c25a45e82ad063f3b79b68') in 0.026696 seconds 
========================================================================
Received Import Request.
  Time since last request: 0.000035 seconds.
  path: Assets/Characters/Creno/Creno_N.Materials/N00_007_01_Tops_01_CLOTH_04 (Instance).asset
  artifactKey: Guid(6eb567f69f239b84da191da0daee8404) Importer(815301076,1909f56bfc062723c751e8b465ee728b)
Start importing Assets/Characters/Creno/Creno_N.Materials/N00_007_01_Tops_01_CLOTH_04 (Instance).asset using Guid(6eb567f69f239b84da191da0daee8404) Importer(815301076,1909f56bfc062723c751e8b465ee728b)  -> (artifact id: '010b5a34b99c84c831986a82a676fa55') in 0.050791 seconds 
========================================================================
Received Import Request.
  Time since last request: 1202.399072 seconds.
  path: Assets/Characters/Natalia/Natalia.prefab
  artifactKey: Guid(0cef48cb926a9704296c560d3d644567) Importer(815301076,1909f56bfc062723c751e8b465ee728b)
Start importing Assets/Characters/Natalia/Natalia.prefab using Guid(0cef48cb926a9704296c560d3d644567) Importer(815301076,1909f56bfc062723c751e8b465ee728b)  -> (artifact id: '445852eba62640f7775fe42ac4cd679c') in 1.340836 seconds 
========================================================================
Received Import Request.
  Time since last request: 5.648415 seconds.
  path: Assets/Characters/Natalia/Natalia.prefab
  artifactKey: Guid(0cef48cb926a9704296c560d3d644567) Importer(815301076,1909f56bfc062723c751e8b465ee728b)
Start importing Assets/Characters/Natalia/Natalia.prefab using Guid(0cef48cb926a9704296c560d3d644567) Importer(815301076,1909f56bfc062723c751e8b465ee728b)  -> (artifact id: '108c7cf352cad0fadb01717a759fbeaf') in 2.311195 seconds 
========================================================================
Received Import Request.
  Time since last request: 24.120620 seconds.
  path: Assets/Characters/Natalia/Natalia.prefab
  artifactKey: Guid(0cef48cb926a9704296c560d3d644567) Importer(815301076,1909f56bfc062723c751e8b465ee728b)
Start importing Assets/Characters/Natalia/Natalia.prefab using Guid(0cef48cb926a9704296c560d3d644567) Importer(815301076,1909f56bfc062723c751e8b465ee728b)  -> (artifact id: '147410634f90193c5894f5f4959b95f0') in 1.746838 seconds 
========================================================================
Received Import Request.
  Time since last request: 58.615608 seconds.
  path: Assets/Characters/Natalia/Natalia.prefab
  artifactKey: Guid(0cef48cb926a9704296c560d3d644567) Importer(815301076,1909f56bfc062723c751e8b465ee728b)
Start importing Assets/Characters/Natalia/Natalia.prefab using Guid(0cef48cb926a9704296c560d3d644567) Importer(815301076,1909f56bfc062723c751e8b465ee728b)  -> (artifact id: '4d6048c38031da887490522576fe65f2') in 2.406679 seconds 
========================================================================
Received Import Request.
  Time since last request: 3.743031 seconds.
  path: Assets/Characters/Natalia/Natalia.prefab
  artifactKey: Guid(0cef48cb926a9704296c560d3d644567) Importer(815301076,1909f56bfc062723c751e8b465ee728b)
Start importing Assets/Characters/Natalia/Natalia.prefab using Guid(0cef48cb926a9704296c560d3d644567) Importer(815301076,1909f56bfc062723c751e8b465ee728b)  -> (artifact id: '70e063beb5072a8887bb7b057f1e2990') in 2.142212 seconds 
========================================================================
Received Import Request.
  Time since last request: 20.735350 seconds.
  path: Assets/Characters/Natalia/Natalia.prefab
  artifactKey: Guid(0cef48cb926a9704296c560d3d644567) Importer(815301076,1909f56bfc062723c751e8b465ee728b)
Start importing Assets/Characters/Natalia/Natalia.prefab using Guid(0cef48cb926a9704296c560d3d644567) Importer(815301076,1909f56bfc062723c751e8b465ee728b)  -> (artifact id: 'ab0263bc67cff22b858caabe2fcd4267') in 2.401533 seconds 
========================================================================
Received Import Request.
  Time since last request: 41.320232 seconds.
  path: Assets/Characters/Natalia/Natalia.prefab
  artifactKey: Guid(0cef48cb926a9704296c560d3d644567) Importer(815301076,1909f56bfc062723c751e8b465ee728b)
Start importing Assets/Characters/Natalia/Natalia.prefab using Guid(0cef48cb926a9704296c560d3d644567) Importer(815301076,1909f56bfc062723c751e8b465ee728b)  -> (artifact id: '75191073fc269fcb8f9e99139784bd6f') in 1.998027 seconds 
========================================================================
Received Import Request.
  Time since last request: 20.612330 seconds.
  path: Assets/Characters/Natalia/Natalia.prefab
  artifactKey: Guid(0cef48cb926a9704296c560d3d644567) Importer(815301076,1909f56bfc062723c751e8b465ee728b)
Start importing Assets/Characters/Natalia/Natalia.prefab using Guid(0cef48cb926a9704296c560d3d644567) Importer(815301076,1909f56bfc062723c751e8b465ee728b)  -> (artifact id: '88143b44b61d2789d6588caee7b63ed5') in 1.459241 seconds 
========================================================================
Received Import Request.
  Time since last request: 25.091728 seconds.
  path: Assets/Characters/Natalia/Natalia.prefab
  artifactKey: Guid(0cef48cb926a9704296c560d3d644567) Importer(815301076,1909f56bfc062723c751e8b465ee728b)
Start importing Assets/Characters/Natalia/Natalia.prefab using Guid(0cef48cb926a9704296c560d3d644567) Importer(815301076,1909f56bfc062723c751e8b465ee728b)  -> (artifact id: 'b69616a7fb66ea73bdffb9ca400794ca') in 1.927975 seconds 
========================================================================
Received Import Request.
  Time since last request: 23.387099 seconds.
  path: Assets/Characters/Natalia/Natalia.prefab
  artifactKey: Guid(0cef48cb926a9704296c560d3d644567) Importer(815301076,1909f56bfc062723c751e8b465ee728b)
Start importing Assets/Characters/Natalia/Natalia.prefab using Guid(0cef48cb926a9704296c560d3d644567) Importer(815301076,1909f56bfc062723c751e8b465ee728b)  -> (artifact id: '63800fcca5b50db9ed317c40ce804b0c') in 2.890762 seconds 
========================================================================
Received Import Request.
  Time since last request: 16.101153 seconds.
  path: Assets/Characters/Natalia/Natalia.prefab
  artifactKey: Guid(0cef48cb926a9704296c560d3d644567) Importer(815301076,1909f56bfc062723c751e8b465ee728b)
Start importing Assets/Characters/Natalia/Natalia.prefab using Guid(0cef48cb926a9704296c560d3d644567) Importer(815301076,1909f56bfc062723c751e8b465ee728b)  -> (artifact id: '69174fc3f04063f1d7e4d43447178d93') in 1.297377 seconds 
========================================================================
Received Import Request.
  Time since last request: 2395.359260 seconds.
  path: Assets/Characters/Natalia/Natalia.prefab
  artifactKey: Guid(0cef48cb926a9704296c560d3d644567) Importer(815301076,1909f56bfc062723c751e8b465ee728b)
Start importing Assets/Characters/Natalia/Natalia.prefab using Guid(0cef48cb926a9704296c560d3d644567) Importer(815301076,1909f56bfc062723c751e8b465ee728b)  -> (artifact id: 'a67df55e7573cf6ecedb6ef8002e4c21') in 1.003419 seconds 
========================================================================
Received Import Request.
  Time since last request: 8.482154 seconds.
  path: Assets/Characters/Creno/Animations/DFM.anim
  artifactKey: Guid(1f7f816b448c6ed4a98cd80acb586d7d) Importer(815301076,1909f56bfc062723c751e8b465ee728b)
Start importing Assets/Characters/Creno/Animations/DFM.anim using Guid(1f7f816b448c6ed4a98cd80acb586d7d) Importer(815301076,1909f56bfc062723c751e8b465ee728b)  -> (artifact id: '628118e620485b041ffb5a017590d794') in 0.030275 seconds 
========================================================================
Received Import Request.
  Time since last request: 0.423009 seconds.
  path: Assets/Characters/Creno/Animations/DFW.anim
  artifactKey: Guid(83b246103e5cd6641add58c20391af99) Importer(815301076,1909f56bfc062723c751e8b465ee728b)
Start importing Assets/Characters/Creno/Animations/DFW.anim using Guid(83b246103e5cd6641add58c20391af99) Importer(815301076,1909f56bfc062723c751e8b465ee728b)  -> (artifact id: 'dd50c7c659b22853fde72d36e1fcc141') in 0.027546 seconds 
========================================================================
Received Import Request.
  Time since last request: 29.546936 seconds.
  path: Assets/Characters/Creno/Animations/DW.anim
  artifactKey: Guid(f25d00733e0fc064eba2a0c1390f721b) Importer(815301076,1909f56bfc062723c751e8b465ee728b)
Start importing Assets/Characters/Creno/Animations/DW.anim using Guid(f25d00733e0fc064eba2a0c1390f721b) Importer(815301076,1909f56bfc062723c751e8b465ee728b)  -> (artifact id: '5a94b1b8dcaf18c9f6eefc7d9ffaf39e') in 0.027357 seconds 
