Using pre-set license
Built from '2020.3/staging' branch; Version is '2020.3.19f1 (68f137dc9bbe) revision 6877495'; Using compiler version '192528614'; Build Type 'Release'
OS: 'Windows 10 Home; OS build 19044.2006; Version 2009; 64bit' Language: 'zh' Physical Memory: 16348 MB
BatchMode: 1, IsHumanControllingUs: 0, StartBugReporterOnCrash: 0, Is64bit: 1, IsPro: 0

COMMAND LINE ARGUMENTS:
D:\Unity\2020.3.19f1\Editor\Unity.exe
-adb2
-batchMode
-noUpm
-name
AssetImportWorker2
-projectPath
E:/File/Project/Github/LethalTrigger
-logFile
Logs/AssetImportWorker2.log
-srvPort
5124
Successfully changed project path to: E:/File/Project/Github/LethalTrigger
E:/File/Project/Github/LethalTrigger
Using Asset Import Pipeline V2.
Refreshing native plugins compatible for Editor in 107.36 ms, found 3 plugins.
Preloading 0 native plugins for Editor in 0.00 ms.
Initialize engine version: 2020.3.19f1 (68f137dc9bbe)
[Subsystems] Discovering subsystems at path D:/Unity/2020.3.19f1/Editor/Data/Resources/UnitySubsystems
[Subsystems] Discovering subsystems at path E:/File/Project/Github/LethalTrigger/Assets
GfxDevice: creating device client; threaded=0
Direct3D:
    Version:  Direct3D 11.0 [level 11.1]
    Renderer: NVIDIA GeForce GTX 1050 Ti (ID=0x1c82)
    Vendor:   
    VRAM:     4018 MB
    Driver:   27.21.14.5751
Initialize mono
Mono path[0] = 'D:/Unity/2020.3.19f1/Editor/Data/Managed'
Mono path[1] = 'D:/Unity/2020.3.19f1/Editor/Data/MonoBleedingEdge/lib/mono/unityjit'
Mono config path = 'D:/Unity/2020.3.19f1/Editor/Data/MonoBleedingEdge/etc'
Using monoOptions --debugger-agent=transport=dt_socket,embedding=1,server=y,suspend=n,address=127.0.0.1:56332
Begin MonoManager ReloadAssembly
Registering precompiled unity dll's ...
Register platform support module: D:/Unity/2020.3.19f1/Editor/Data/PlaybackEngines/WindowsStandaloneSupport/UnityEditor.WindowsStandalone.Extensions.dll
Registered in 0.001241 seconds.
Native extension for WindowsStandalone target not found
Refreshing native plugins compatible for Editor in 110.13 ms, found 3 plugins.
Preloading 0 native plugins for Editor in 0.00 ms.
Mono: successfully reloaded assembly
- Completed reload, in 11.878 seconds
Domain Reload Profiling:
	ReloadAssembly (11879ms)
		BeginReloadAssembly (55ms)
			ExecutionOrderSort (0ms)
			DisableScriptedObjects (0ms)
			BackupInstance (0ms)
			ReleaseScriptingObjects (0ms)
			CreateAndSetChildDomain (1ms)
		EndReloadAssembly (1407ms)
			LoadAssemblies (55ms)
			RebuildTransferFunctionScriptingTraits (0ms)
			SetupTypeCache (829ms)
			ReleaseScriptCaches (0ms)
			RebuildScriptCaches (39ms)
			SetupLoadedEditorAssemblies (417ms)
				LogAssemblyErrors (0ms)
				InitializePlatformSupportModulesInManaged (4ms)
				SetLoadedEditorAssemblies (0ms)
				RefreshPlugins (110ms)
				BeforeProcessingInitializeOnLoad (17ms)
				ProcessInitializeOnLoadAttributes (102ms)
				ProcessInitializeOnLoadMethodAttributes (184ms)
				AfterProcessingInitializeOnLoad (0ms)
				EditorAssembliesLoaded (0ms)
			ExecutionOrderSort2 (0ms)
			AwakeInstancesAfterBackupRestoration (0ms)
Platform modules already initialized, skipping
Registering precompiled user dll's ...
Registered in 0.004613 seconds.
Begin MonoManager ReloadAssembly
Native extension for WindowsStandalone target not found
Refreshing native plugins compatible for Editor in 114.19 ms, found 3 plugins.
Preloading 0 native plugins for Editor in 0.00 ms.
Mono: successfully reloaded assembly
- Completed reload, in  5.995 seconds
Domain Reload Profiling:
	ReloadAssembly (5996ms)
		BeginReloadAssembly (166ms)
			ExecutionOrderSort (0ms)
			DisableScriptedObjects (5ms)
			BackupInstance (0ms)
			ReleaseScriptingObjects (0ms)
			CreateAndSetChildDomain (21ms)
		EndReloadAssembly (5765ms)
			LoadAssemblies (118ms)
			RebuildTransferFunctionScriptingTraits (0ms)
			SetupTypeCache (763ms)
			ReleaseScriptCaches (1ms)
			RebuildScriptCaches (116ms)
			SetupLoadedEditorAssemblies (4622ms)
				LogAssemblyErrors (0ms)
				InitializePlatformSupportModulesInManaged (5ms)
				SetLoadedEditorAssemblies (0ms)
				RefreshPlugins (114ms)
				BeforeProcessingInitializeOnLoad (126ms)
				ProcessInitializeOnLoadAttributes (4337ms)
				ProcessInitializeOnLoadMethodAttributes (38ms)
				AfterProcessingInitializeOnLoad (3ms)
				EditorAssembliesLoaded (0ms)
			ExecutionOrderSort2 (0ms)
			AwakeInstancesAfterBackupRestoration (8ms)
Platform modules already initialized, skipping
========================================================================
Worker process is ready to serve import requests
Launched and connected shader compiler UnityShaderCompiler.exe after 0.27 seconds
Refreshing native plugins compatible for Editor in 1.01 ms, found 3 plugins.
Preloading 0 native plugins for Editor in 0.00 ms.
Unloading 4896 Unused Serialized files (Serialized files now loaded: 0)
System memory in use before: 227.8 MB.
System memory in use after: 227.9 MB.

Unloading 27 unused Assets to reduce memory usage. Loaded Objects now: 5385.
Total: 5.461400 ms (FindLiveObjects: 0.603800 ms CreateObjectMapping: 0.424700 ms MarkObjects: 4.177000 ms  DeleteObjects: 0.254500 ms)

AssetImportParameters requested are different than current active one (requested -> active):
  custom:framework-win-MediaFoundation: 216162199b28c13a410421893ffa2e32 -> 
  custom:video-decoder-ogg-theora: a1e56fd34408186e4bbccfd4996cb3dc -> 
  custom:container-muxer-webm: aa71ff27fc2769a1b78a27578f13a17b -> 
  custom:container-demuxer-webm: 4f35f7cbe854078d1ac9338744f61a02 -> 
  custom:container-demuxer-ogg: 62fdf1f143b41e24485cea50d1cbac27 -> 
  custom:video-encoder-webm-vp8: eb34c28f22e8b96e1ab97ce403110664 -> 
  custom:video-codec-MediaFoundation-h265: 746d11721c4dcdbdad8f713fa42b33f4 -> 
  custom:video-decoder-webm-vp8: 9c59270c3fd7afecdb556c50c9e8de78 -> 
  custom:audio-decoder-ogg-vorbis: bf7c407c2cedff20999df2af8eb42d56 -> 
  custom:audio-encoder-webm-vorbis: bf7c407c2cedff20999df2af8eb42d56 -> 
========================================================================
Received Import Request.
  path: Assets/Characters/Creno/Animations/Origin/Creno_N0919.blend
  artifactKey: Guid(ea1efd6bfc25c1849903583476f8716b) Importer(815301076,1909f56bfc062723c751e8b465ee728b)
Start importing Assets/Characters/Creno/Animations/Origin/Creno_N0919.blend using Guid(ea1efd6bfc25c1849903583476f8716b) Importer(815301076,1909f56bfc062723c751e8b465ee728b)  -> (artifact id: '7300c5027444cf3077bc94ba18356076') in 2.278366 seconds 
  Import took 2.963081 seconds .

========================================================================
Received Import Request.
  Time since last request: 0.000292 seconds.
  path: Assets/Characters/Creno/Animations/Origin/Creno_N.blend1
  artifactKey: Guid(b298faaf23ec08e4792e812985e9d9b6) Importer(815301076,1909f56bfc062723c751e8b465ee728b)
Start importing Assets/Characters/Creno/Animations/Origin/Creno_N.blend1 using Guid(b298faaf23ec08e4792e812985e9d9b6) Importer(815301076,1909f56bfc062723c751e8b465ee728b)  -> (artifact id: '77d696baf6dd83401a75fbe0fa8e0618') in 1.205775 seconds 
  Import took 1.253835 seconds .

========================================================================
Received Import Request.
  Time since last request: 5406.426987 seconds.
  path: Assets/Characters/Creno/Animations/Origin/Creno_N0919.blend
  artifactKey: Guid(ea1efd6bfc25c1849903583476f8716b) Importer(815301076,1909f56bfc062723c751e8b465ee728b)
Start importing Assets/Characters/Creno/Animations/Origin/Creno_N0919.blend using Guid(ea1efd6bfc25c1849903583476f8716b) Importer(815301076,1909f56bfc062723c751e8b465ee728b)  -> (artifact id: '749f0a6d51f5cfa8c45a0b34fd9a770f') in 2.129031 seconds 
  Import took 2.347819 seconds .

========================================================================
Received Import Request.
  Time since last request: 0.000223 seconds.
  path: Assets/Characters/Creno/Animations/Origin/Creno_N01.fbx
  artifactKey: Guid(e09a6d0c9ab644b4db0fa4c4b4df7503) Importer(815301076,1909f56bfc062723c751e8b465ee728b)
Start importing Assets/Characters/Creno/Animations/Origin/Creno_N01.fbx using Guid(e09a6d0c9ab644b4db0fa4c4b4df7503) Importer(815301076,1909f56bfc062723c751e8b465ee728b)  -> (artifact id: '62f722c18b8071ef28081eefbc921efe') in 2.200356 seconds 
  Import took 2.342301 seconds .

========================================================================
Received Import Request.
  Time since last request: 99.471254 seconds.
  path: Assets/Characters/Creno/Animations/Origin/Creno_N0919.blend
  artifactKey: Guid(ea1efd6bfc25c1849903583476f8716b) Importer(815301076,1909f56bfc062723c751e8b465ee728b)
Start importing Assets/Characters/Creno/Animations/Origin/Creno_N0919.blend using Guid(ea1efd6bfc25c1849903583476f8716b) Importer(815301076,1909f56bfc062723c751e8b465ee728b)  -> (artifact id: '62ee945133f0ccff58b94b1cf830d35c') in 1.706250 seconds 
  Import took 1.725832 seconds .

========================================================================
Received Import Request.
  Time since last request: 73.330147 seconds.
  path: Assets/Characters/Creno/Animations/Origin/Creno_N01.fbx
  artifactKey: Guid(e09a6d0c9ab644b4db0fa4c4b4df7503) Importer(815301076,1909f56bfc062723c751e8b465ee728b)
Start importing Assets/Characters/Creno/Animations/Origin/Creno_N01.fbx using Guid(e09a6d0c9ab644b4db0fa4c4b4df7503) Importer(815301076,1909f56bfc062723c751e8b465ee728b)  -> (artifact id: '69e5f7d38ac1dd9dfe9df6401f3ae640') in 1.557018 seconds 
  Import took 1.928337 seconds .

========================================================================
Received Import Request.
  Time since last request: 60.022464 seconds.
  path: Assets/Characters/Creno/Animations/Origin/Creno_N01.fbx
  artifactKey: Guid(e09a6d0c9ab644b4db0fa4c4b4df7503) Importer(815301076,1909f56bfc062723c751e8b465ee728b)
Start importing Assets/Characters/Creno/Animations/Origin/Creno_N01.fbx using Guid(e09a6d0c9ab644b4db0fa4c4b4df7503) Importer(815301076,1909f56bfc062723c751e8b465ee728b)  -> (artifact id: '0dcac92b506e4ac14d74595f3a2e6013') in 1.613776 seconds 
  Import took 1.647665 seconds .

========================================================================
Received Import Request.
  Time since last request: 86.223433 seconds.
  path: Assets/Characters/Creno/Animations/Origin/Creno_N01.fbx
  artifactKey: Guid(e09a6d0c9ab644b4db0fa4c4b4df7503) Importer(815301076,1909f56bfc062723c751e8b465ee728b)
Start importing Assets/Characters/Creno/Animations/Origin/Creno_N01.fbx using Guid(e09a6d0c9ab644b4db0fa4c4b4df7503) Importer(815301076,1909f56bfc062723c751e8b465ee728b)  -> (artifact id: 'e57a0e6ea6fbe66c48cf90a0bb744955') in 1.613908 seconds 
  Import took 1.632985 seconds .

========================================================================
Received Import Request.
  Time since last request: 30.303957 seconds.
  path: Assets/Characters/Creno/Animations/Origin/Creno_N01.fbx
  artifactKey: Guid(e09a6d0c9ab644b4db0fa4c4b4df7503) Importer(815301076,1909f56bfc062723c751e8b465ee728b)
Start importing Assets/Characters/Creno/Animations/Origin/Creno_N01.fbx using Guid(e09a6d0c9ab644b4db0fa4c4b4df7503) Importer(815301076,1909f56bfc062723c751e8b465ee728b)  -> (artifact id: 'f9b5043d0a6ceff1e12fb26022831f4f') in 2.117818 seconds 
  Import took 2.161429 seconds .

========================================================================
Received Import Request.
  Time since last request: 117.557046 seconds.
  path: Assets/Characters/Creno/Animations/Origin/Creno_N01.fbx
  artifactKey: Guid(e09a6d0c9ab644b4db0fa4c4b4df7503) Importer(815301076,1909f56bfc062723c751e8b465ee728b)
Start importing Assets/Characters/Creno/Animations/Origin/Creno_N01.fbx using Guid(e09a6d0c9ab644b4db0fa4c4b4df7503) Importer(815301076,1909f56bfc062723c751e8b465ee728b)  -> (artifact id: '4cb91476f4950426149b3a4b8bc3cb61') in 2.085493 seconds 
  Import took 2.101939 seconds .

========================================================================
Received Import Request.
  Time since last request: 30.000889 seconds.
  path: Assets/Characters/Creno/Animations/Origin/Creno_N01.fbx
  artifactKey: Guid(e09a6d0c9ab644b4db0fa4c4b4df7503) Importer(815301076,1909f56bfc062723c751e8b465ee728b)
Start importing Assets/Characters/Creno/Animations/Origin/Creno_N01.fbx using Guid(e09a6d0c9ab644b4db0fa4c4b4df7503) Importer(815301076,1909f56bfc062723c751e8b465ee728b)  -> (artifact id: '3eba4833d3a3d7bd7e3c60ec771c5d89') in 1.454946 seconds 
  Import took 1.563963 seconds .

========================================================================
Received Import Request.
  Time since last request: 121.958136 seconds.
  path: Assets/Characters/Creno/Animations/Origin/Creno_N01.fbx
  artifactKey: Guid(e09a6d0c9ab644b4db0fa4c4b4df7503) Importer(815301076,1909f56bfc062723c751e8b465ee728b)
Start importing Assets/Characters/Creno/Animations/Origin/Creno_N01.fbx using Guid(e09a6d0c9ab644b4db0fa4c4b4df7503) Importer(815301076,1909f56bfc062723c751e8b465ee728b)  -> (artifact id: '61c59600651ff5305339094dbf7c5a84') in 1.476155 seconds 
  Import took 1.495372 seconds .

========================================================================
Received Import Request.
  Time since last request: 52.065500 seconds.
  path: Assets/Characters/Creno/Animations/Origin/W.anim
  artifactKey: Guid(d6857f586268f5a4abfe50dc3ec7cea6) Importer(815301076,1909f56bfc062723c751e8b465ee728b)
Start importing Assets/Characters/Creno/Animations/Origin/W.anim using Guid(d6857f586268f5a4abfe50dc3ec7cea6) Importer(815301076,1909f56bfc062723c751e8b465ee728b)  -> (artifact id: '98908364aa0dfae0d913d13335153b72') in 0.048049 seconds 
  Import took 0.088484 seconds .

========================================================================
Received Import Request.
  Time since last request: 88.561379 seconds.
  path: Assets/Characters/Creno/Creno.controller
  artifactKey: Guid(268d1b528fafb0c4bbdea18b719fc25f) Importer(815301076,1909f56bfc062723c751e8b465ee728b)
Start importing Assets/Characters/Creno/Creno.controller using Guid(268d1b528fafb0c4bbdea18b719fc25f) Importer(815301076,1909f56bfc062723c751e8b465ee728b)  -> (artifact id: '6a5e84b9b1a6edb0e366de99a479e4b9') in 0.353234 seconds 
  Import took 0.366626 seconds .

========================================================================
Received Import Request.
  Time since last request: 1.347353 seconds.
  path: Assets/Characters/Creno/Creno.controller
  artifactKey: Guid(268d1b528fafb0c4bbdea18b719fc25f) Importer(815301076,1909f56bfc062723c751e8b465ee728b)
Start importing Assets/Characters/Creno/Creno.controller using Guid(268d1b528fafb0c4bbdea18b719fc25f) Importer(815301076,1909f56bfc062723c751e8b465ee728b)  -> (artifact id: 'c2ee3003097a63376002639779f46113') in 0.261383 seconds 
  Import took 0.276803 seconds .

========================================================================
Received Prepare
Registering precompiled user dll's ...
Registered in 0.004805 seconds.
Begin MonoManager ReloadAssembly
Native extension for WindowsStandalone target not found
Refreshing native plugins compatible for Editor in 1.65 ms, found 3 plugins.
Preloading 0 native plugins for Editor in 0.00 ms.
Mono: successfully reloaded assembly
- Completed reload, in  3.951 seconds
Domain Reload Profiling:
	ReloadAssembly (3953ms)
		BeginReloadAssembly (368ms)
			ExecutionOrderSort (0ms)
			DisableScriptedObjects (41ms)
			BackupInstance (0ms)
			ReleaseScriptingObjects (0ms)
			CreateAndSetChildDomain (169ms)
		EndReloadAssembly (3461ms)
			LoadAssemblies (220ms)
			RebuildTransferFunctionScriptingTraits (0ms)
			SetupTypeCache (751ms)
			ReleaseScriptCaches (6ms)
			RebuildScriptCaches (153ms)
			SetupLoadedEditorAssemblies (989ms)
				LogAssemblyErrors (0ms)
				InitializePlatformSupportModulesInManaged (7ms)
				SetLoadedEditorAssemblies (1ms)
				RefreshPlugins (2ms)
				BeforeProcessingInitializeOnLoad (174ms)
				ProcessInitializeOnLoadAttributes (793ms)
				ProcessInitializeOnLoadMethodAttributes (9ms)
				AfterProcessingInitializeOnLoad (3ms)
				EditorAssembliesLoaded (0ms)
			ExecutionOrderSort2 (0ms)
			AwakeInstancesAfterBackupRestoration (37ms)
Platform modules already initialized, skipping
Refreshing native plugins compatible for Editor in 1.01 ms, found 3 plugins.
Preloading 0 native plugins for Editor in 0.00 ms.
Unloading 4732 Unused Serialized files (Serialized files now loaded: 0)
System memory in use before: 236.9 MB.
System memory in use after: 237.2 MB.

Unloading 18 unused Assets to reduce memory usage. Loaded Objects now: 5470.
Total: 8.717600 ms (FindLiveObjects: 0.877200 ms CreateObjectMapping: 0.987500 ms MarkObjects: 6.639600 ms  DeleteObjects: 0.212100 ms)

AssetImportParameters requested are different than current active one (requested -> active):
  custom:framework-win-MediaFoundation: 216162199b28c13a410421893ffa2e32 -> 
  custom:video-decoder-ogg-theora: a1e56fd34408186e4bbccfd4996cb3dc -> 
  custom:container-muxer-webm: aa71ff27fc2769a1b78a27578f13a17b -> 
  custom:container-demuxer-webm: 4f35f7cbe854078d1ac9338744f61a02 -> 
  custom:container-demuxer-ogg: 62fdf1f143b41e24485cea50d1cbac27 -> 
  custom:video-encoder-webm-vp8: eb34c28f22e8b96e1ab97ce403110664 -> 
  custom:video-codec-MediaFoundation-h265: 746d11721c4dcdbdad8f713fa42b33f4 -> 
  custom:video-decoder-webm-vp8: 9c59270c3fd7afecdb556c50c9e8de78 -> 
  custom:audio-decoder-ogg-vorbis: bf7c407c2cedff20999df2af8eb42d56 -> 
  custom:audio-encoder-webm-vorbis: bf7c407c2cedff20999df2af8eb42d56 -> 
========================================================================
Received Prepare
Registering precompiled user dll's ...
Registered in 0.004839 seconds.
Begin MonoManager ReloadAssembly
Native extension for WindowsStandalone target not found
Refreshing native plugins compatible for Editor in 0.98 ms, found 3 plugins.
Preloading 0 native plugins for Editor in 0.00 ms.
Mono: successfully reloaded assembly
- Completed reload, in  1.899 seconds
Domain Reload Profiling:
	ReloadAssembly (1899ms)
		BeginReloadAssembly (140ms)
			ExecutionOrderSort (0ms)
			DisableScriptedObjects (6ms)
			BackupInstance (0ms)
			ReleaseScriptingObjects (0ms)
			CreateAndSetChildDomain (49ms)
		EndReloadAssembly (1694ms)
			LoadAssemblies (117ms)
			RebuildTransferFunctionScriptingTraits (0ms)
			SetupTypeCache (436ms)
			ReleaseScriptCaches (2ms)
			RebuildScriptCaches (85ms)
			SetupLoadedEditorAssemblies (867ms)
				LogAssemblyErrors (0ms)
				InitializePlatformSupportModulesInManaged (5ms)
				SetLoadedEditorAssemblies (1ms)
				RefreshPlugins (1ms)
				BeforeProcessingInitializeOnLoad (150ms)
				ProcessInitializeOnLoadAttributes (699ms)
				ProcessInitializeOnLoadMethodAttributes (8ms)
				AfterProcessingInitializeOnLoad (4ms)
				EditorAssembliesLoaded (0ms)
			ExecutionOrderSort2 (0ms)
			AwakeInstancesAfterBackupRestoration (36ms)
Platform modules already initialized, skipping
Refreshing native plugins compatible for Editor in 1.37 ms, found 3 plugins.
Preloading 0 native plugins for Editor in 0.00 ms.
Unloading 4732 Unused Serialized files (Serialized files now loaded: 0)
System memory in use before: 237.0 MB.
System memory in use after: 237.3 MB.

Unloading 18 unused Assets to reduce memory usage. Loaded Objects now: 5473.
Total: 12.204800 ms (FindLiveObjects: 0.524400 ms CreateObjectMapping: 0.794900 ms MarkObjects: 10.611000 ms  DeleteObjects: 0.273200 ms)

AssetImportParameters requested are different than current active one (requested -> active):
  custom:framework-win-MediaFoundation: 216162199b28c13a410421893ffa2e32 -> 
  custom:video-decoder-ogg-theora: a1e56fd34408186e4bbccfd4996cb3dc -> 
  custom:container-muxer-webm: aa71ff27fc2769a1b78a27578f13a17b -> 
  custom:container-demuxer-webm: 4f35f7cbe854078d1ac9338744f61a02 -> 
  custom:container-demuxer-ogg: 62fdf1f143b41e24485cea50d1cbac27 -> 
  custom:video-encoder-webm-vp8: eb34c28f22e8b96e1ab97ce403110664 -> 
  custom:video-codec-MediaFoundation-h265: 746d11721c4dcdbdad8f713fa42b33f4 -> 
  custom:video-decoder-webm-vp8: 9c59270c3fd7afecdb556c50c9e8de78 -> 
  custom:audio-decoder-ogg-vorbis: bf7c407c2cedff20999df2af8eb42d56 -> 
  custom:audio-encoder-webm-vorbis: bf7c407c2cedff20999df2af8eb42d56 -> 
========================================================================
Received Prepare
Registering precompiled user dll's ...
Registered in 0.004888 seconds.
Begin MonoManager ReloadAssembly
Native extension for WindowsStandalone target not found
Refreshing native plugins compatible for Editor in 1.57 ms, found 3 plugins.
Preloading 0 native plugins for Editor in 0.00 ms.
Mono: successfully reloaded assembly
- Completed reload, in  2.141 seconds
Domain Reload Profiling:
	ReloadAssembly (2142ms)
		BeginReloadAssembly (138ms)
			ExecutionOrderSort (0ms)
			DisableScriptedObjects (7ms)
			BackupInstance (0ms)
			ReleaseScriptingObjects (0ms)
			CreateAndSetChildDomain (57ms)
		EndReloadAssembly (1943ms)
			LoadAssemblies (115ms)
			RebuildTransferFunctionScriptingTraits (0ms)
			SetupTypeCache (495ms)
			ReleaseScriptCaches (2ms)
			RebuildScriptCaches (112ms)
			SetupLoadedEditorAssemblies (923ms)
				LogAssemblyErrors (0ms)
				InitializePlatformSupportModulesInManaged (8ms)
				SetLoadedEditorAssemblies (1ms)
				RefreshPlugins (2ms)
				BeforeProcessingInitializeOnLoad (173ms)
				ProcessInitializeOnLoadAttributes (726ms)
				ProcessInitializeOnLoadMethodAttributes (9ms)
				AfterProcessingInitializeOnLoad (4ms)
				EditorAssembliesLoaded (0ms)
			ExecutionOrderSort2 (0ms)
			AwakeInstancesAfterBackupRestoration (35ms)
Platform modules already initialized, skipping
Refreshing native plugins compatible for Editor in 1.67 ms, found 3 plugins.
Preloading 0 native plugins for Editor in 0.00 ms.
Unloading 4732 Unused Serialized files (Serialized files now loaded: 0)
System memory in use before: 237.1 MB.
System memory in use after: 237.3 MB.

Unloading 18 unused Assets to reduce memory usage. Loaded Objects now: 5476.
Total: 8.650100 ms (FindLiveObjects: 1.471600 ms CreateObjectMapping: 0.680800 ms MarkObjects: 6.249400 ms  DeleteObjects: 0.247200 ms)

AssetImportParameters requested are different than current active one (requested -> active):
  custom:framework-win-MediaFoundation: 216162199b28c13a410421893ffa2e32 -> 
  custom:video-decoder-ogg-theora: a1e56fd34408186e4bbccfd4996cb3dc -> 
  custom:container-muxer-webm: aa71ff27fc2769a1b78a27578f13a17b -> 
  custom:container-demuxer-webm: 4f35f7cbe854078d1ac9338744f61a02 -> 
  custom:container-demuxer-ogg: 62fdf1f143b41e24485cea50d1cbac27 -> 
  custom:video-encoder-webm-vp8: eb34c28f22e8b96e1ab97ce403110664 -> 
  custom:video-codec-MediaFoundation-h265: 746d11721c4dcdbdad8f713fa42b33f4 -> 
  custom:video-decoder-webm-vp8: 9c59270c3fd7afecdb556c50c9e8de78 -> 
  custom:audio-decoder-ogg-vorbis: bf7c407c2cedff20999df2af8eb42d56 -> 
  custom:audio-encoder-webm-vorbis: bf7c407c2cedff20999df2af8eb42d56 -> 
========================================================================
Received Prepare
Registering precompiled user dll's ...
Registered in 0.004409 seconds.
Begin MonoManager ReloadAssembly
Native extension for WindowsStandalone target not found
Refreshing native plugins compatible for Editor in 0.97 ms, found 3 plugins.
Preloading 0 native plugins for Editor in 0.00 ms.
Mono: successfully reloaded assembly
- Completed reload, in  1.692 seconds
Domain Reload Profiling:
	ReloadAssembly (1693ms)
		BeginReloadAssembly (125ms)
			ExecutionOrderSort (0ms)
			DisableScriptedObjects (5ms)
			BackupInstance (0ms)
			ReleaseScriptingObjects (0ms)
			CreateAndSetChildDomain (45ms)
		EndReloadAssembly (1508ms)
			LoadAssemblies (110ms)
			RebuildTransferFunctionScriptingTraits (0ms)
			SetupTypeCache (427ms)
			ReleaseScriptCaches (2ms)
			RebuildScriptCaches (87ms)
			SetupLoadedEditorAssemblies (711ms)
				LogAssemblyErrors (0ms)
				InitializePlatformSupportModulesInManaged (4ms)
				SetLoadedEditorAssemblies (1ms)
				RefreshPlugins (1ms)
				BeforeProcessingInitializeOnLoad (115ms)
				ProcessInitializeOnLoadAttributes (581ms)
				ProcessInitializeOnLoadMethodAttributes (6ms)
				AfterProcessingInitializeOnLoad (3ms)
				EditorAssembliesLoaded (0ms)
			ExecutionOrderSort2 (0ms)
			AwakeInstancesAfterBackupRestoration (22ms)
Platform modules already initialized, skipping
Refreshing native plugins compatible for Editor in 1.01 ms, found 3 plugins.
Preloading 0 native plugins for Editor in 0.00 ms.
Unloading 4732 Unused Serialized files (Serialized files now loaded: 0)
System memory in use before: 237.1 MB.
System memory in use after: 237.4 MB.

Unloading 18 unused Assets to reduce memory usage. Loaded Objects now: 5479.
Total: 11.756100 ms (FindLiveObjects: 2.223100 ms CreateObjectMapping: 1.459300 ms MarkObjects: 7.802900 ms  DeleteObjects: 0.269200 ms)

AssetImportParameters requested are different than current active one (requested -> active):
  custom:framework-win-MediaFoundation: 216162199b28c13a410421893ffa2e32 -> 
  custom:video-decoder-ogg-theora: a1e56fd34408186e4bbccfd4996cb3dc -> 
  custom:container-muxer-webm: aa71ff27fc2769a1b78a27578f13a17b -> 
  custom:container-demuxer-webm: 4f35f7cbe854078d1ac9338744f61a02 -> 
  custom:container-demuxer-ogg: 62fdf1f143b41e24485cea50d1cbac27 -> 
  custom:video-encoder-webm-vp8: eb34c28f22e8b96e1ab97ce403110664 -> 
  custom:video-codec-MediaFoundation-h265: 746d11721c4dcdbdad8f713fa42b33f4 -> 
  custom:video-decoder-webm-vp8: 9c59270c3fd7afecdb556c50c9e8de78 -> 
  custom:audio-decoder-ogg-vorbis: bf7c407c2cedff20999df2af8eb42d56 -> 
  custom:audio-encoder-webm-vorbis: bf7c407c2cedff20999df2af8eb42d56 -> 
========================================================================
Received Prepare
Refreshing native plugins compatible for Editor in 3.42 ms, found 3 plugins.
Preloading 0 native plugins for Editor in 0.00 ms.
Unloading 15 Unused Serialized files (Serialized files now loaded: 0)
System memory in use before: 144.1 MB.
System memory in use after: 144.3 MB.

Unloading 15 unused Assets to reduce memory usage. Loaded Objects now: 5479.
Total: 6.104500 ms (FindLiveObjects: 0.506600 ms CreateObjectMapping: 0.306600 ms MarkObjects: 4.915400 ms  DeleteObjects: 0.374400 ms)

AssetImportParameters requested are different than current active one (requested -> active):
  custom:framework-win-MediaFoundation: 216162199b28c13a410421893ffa2e32 -> 
  custom:video-decoder-ogg-theora: a1e56fd34408186e4bbccfd4996cb3dc -> 
  custom:container-muxer-webm: aa71ff27fc2769a1b78a27578f13a17b -> 
  custom:container-demuxer-webm: 4f35f7cbe854078d1ac9338744f61a02 -> 
  custom:container-demuxer-ogg: 62fdf1f143b41e24485cea50d1cbac27 -> 
  custom:video-encoder-webm-vp8: eb34c28f22e8b96e1ab97ce403110664 -> 
  custom:video-codec-MediaFoundation-h265: 746d11721c4dcdbdad8f713fa42b33f4 -> 
  custom:video-decoder-webm-vp8: 9c59270c3fd7afecdb556c50c9e8de78 -> 
  custom:audio-decoder-ogg-vorbis: bf7c407c2cedff20999df2af8eb42d56 -> 
  custom:audio-encoder-webm-vorbis: bf7c407c2cedff20999df2af8eb42d56 -> 
========================================================================
Received Prepare
Registering precompiled user dll's ...
Registered in 0.004833 seconds.
Begin MonoManager ReloadAssembly
Native extension for WindowsStandalone target not found
Refreshing native plugins compatible for Editor in 2.55 ms, found 3 plugins.
Preloading 0 native plugins for Editor in 0.00 ms.
Mono: successfully reloaded assembly
- Completed reload, in  1.859 seconds
Domain Reload Profiling:
	ReloadAssembly (1859ms)
		BeginReloadAssembly (135ms)
			ExecutionOrderSort (0ms)
			DisableScriptedObjects (6ms)
			BackupInstance (0ms)
			ReleaseScriptingObjects (0ms)
			CreateAndSetChildDomain (49ms)
		EndReloadAssembly (1641ms)
			LoadAssemblies (109ms)
			RebuildTransferFunctionScriptingTraits (0ms)
			SetupTypeCache (424ms)
			ReleaseScriptCaches (3ms)
			RebuildScriptCaches (132ms)
			SetupLoadedEditorAssemblies (691ms)
				LogAssemblyErrors (0ms)
				InitializePlatformSupportModulesInManaged (10ms)
				SetLoadedEditorAssemblies (2ms)
				RefreshPlugins (3ms)
				BeforeProcessingInitializeOnLoad (159ms)
				ProcessInitializeOnLoadAttributes (507ms)
				ProcessInitializeOnLoadMethodAttributes (7ms)
				AfterProcessingInitializeOnLoad (3ms)
				EditorAssembliesLoaded (0ms)
			ExecutionOrderSort2 (0ms)
			AwakeInstancesAfterBackupRestoration (35ms)
Platform modules already initialized, skipping
Refreshing native plugins compatible for Editor in 2.44 ms, found 3 plugins.
Preloading 0 native plugins for Editor in 0.00 ms.
Unloading 4732 Unused Serialized files (Serialized files now loaded: 0)
System memory in use before: 237.0 MB.
System memory in use after: 237.2 MB.

Unloading 18 unused Assets to reduce memory usage. Loaded Objects now: 5482.
Total: 8.415800 ms (FindLiveObjects: 0.700500 ms CreateObjectMapping: 0.440000 ms MarkObjects: 6.760800 ms  DeleteObjects: 0.513000 ms)

AssetImportParameters requested are different than current active one (requested -> active):
  custom:framework-win-MediaFoundation: 216162199b28c13a410421893ffa2e32 -> 
  custom:video-decoder-ogg-theora: a1e56fd34408186e4bbccfd4996cb3dc -> 
  custom:container-muxer-webm: aa71ff27fc2769a1b78a27578f13a17b -> 
  custom:container-demuxer-webm: 4f35f7cbe854078d1ac9338744f61a02 -> 
  custom:container-demuxer-ogg: 62fdf1f143b41e24485cea50d1cbac27 -> 
  custom:video-encoder-webm-vp8: eb34c28f22e8b96e1ab97ce403110664 -> 
  custom:video-codec-MediaFoundation-h265: 746d11721c4dcdbdad8f713fa42b33f4 -> 
  custom:video-decoder-webm-vp8: 9c59270c3fd7afecdb556c50c9e8de78 -> 
  custom:audio-decoder-ogg-vorbis: bf7c407c2cedff20999df2af8eb42d56 -> 
  custom:audio-encoder-webm-vorbis: bf7c407c2cedff20999df2af8eb42d56 -> 
========================================================================
Received Prepare
Refreshing native plugins compatible for Editor in 4.01 ms, found 3 plugins.
Preloading 0 native plugins for Editor in 0.00 ms.
Unloading 15 Unused Serialized files (Serialized files now loaded: 0)
System memory in use before: 143.9 MB.
System memory in use after: 144.2 MB.

Unloading 15 unused Assets to reduce memory usage. Loaded Objects now: 5482.
Total: 6.266000 ms (FindLiveObjects: 0.616400 ms CreateObjectMapping: 0.363300 ms MarkObjects: 5.011900 ms  DeleteObjects: 0.272800 ms)

AssetImportParameters requested are different than current active one (requested -> active):
  custom:framework-win-MediaFoundation: 216162199b28c13a410421893ffa2e32 -> 
  custom:video-decoder-ogg-theora: a1e56fd34408186e4bbccfd4996cb3dc -> 
  custom:container-muxer-webm: aa71ff27fc2769a1b78a27578f13a17b -> 
  custom:container-demuxer-webm: 4f35f7cbe854078d1ac9338744f61a02 -> 
  custom:container-demuxer-ogg: 62fdf1f143b41e24485cea50d1cbac27 -> 
  custom:video-encoder-webm-vp8: eb34c28f22e8b96e1ab97ce403110664 -> 
  custom:video-codec-MediaFoundation-h265: 746d11721c4dcdbdad8f713fa42b33f4 -> 
  custom:video-decoder-webm-vp8: 9c59270c3fd7afecdb556c50c9e8de78 -> 
  custom:audio-decoder-ogg-vorbis: bf7c407c2cedff20999df2af8eb42d56 -> 
  custom:audio-encoder-webm-vorbis: bf7c407c2cedff20999df2af8eb42d56 -> 
AssetImportWorkerClient::OnTransportError - code=2 error=End of file
