Unity Editor version:    2021.3.13f1 (9e7d58001ecf)
Branch:                  2021.3/staging
Build type:              Release
Batch mode:              YES
System name:             Linux
Distro version:          #27-Ubuntu SMP PREEMPT_DYNAMIC Wed Nov 23 20:44:15 UTC 2022
Kernel version:          5.19.0-26-generic
Architecture:            x86_64
Available memory:        15963 MB
Using pre-set license
Pro License: YES

(Unity:152515): Gdk-CRITICAL **: 22:16:48.214: gdk_window_get_cursor: assertion 'GDK_IS_WINDOW (window)' failed
Desktop is 1920 x 2160 @ 60 Hz
Initialize udev device monitor.

COMMAND LINE ARGUMENTS:
Unity
-adb2
-batchMode
-noUpm
-name
AssetImportWorker6
-projectPath
/media/centon/Centon/File/Project/Github/LethalTrigger
-logFile
Logs/AssetImportWorker6.log
-srvPort
37691
Successfully changed project path to: /media/centon/Centon/File/Project/Github/LethalTrigger
/media/centon/Centon/File/Project/Github/LethalTrigger
[UnityMemory] Configuration Parameters - Can be set up in boot.config
    "memorysetup-bucket-allocator-granularity=16"
    "memorysetup-bucket-allocator-bucket-count=8"
    "memorysetup-bucket-allocator-block-size=33554432"
    "memorysetup-bucket-allocator-block-count=8"
    "memorysetup-main-allocator-block-size=16777216"
    "memorysetup-thread-allocator-block-size=16777216"
    "memorysetup-gfx-main-allocator-block-size=16777216"
    "memorysetup-gfx-thread-allocator-block-size=16777216"
    "memorysetup-cache-allocator-block-size=4194304"
    "memorysetup-typetree-allocator-block-size=2097152"
    "memorysetup-profiler-bucket-allocator-granularity=16"
    "memorysetup-profiler-bucket-allocator-bucket-count=8"
    "memorysetup-profiler-bucket-allocator-block-size=33554432"
    "memorysetup-profiler-bucket-allocator-block-count=8"
    "memorysetup-profiler-allocator-block-size=16777216"
    "memorysetup-profiler-editor-allocator-block-size=1048576"
    "memorysetup-temp-allocator-size-main=16777216"
    "memorysetup-job-temp-allocator-block-size=2097152"
    "memorysetup-job-temp-allocator-block-size-background=1048576"
    "memorysetup-job-temp-allocator-reduction-small-platforms=262144"
    "memorysetup-temp-allocator-size-background-worker=32768"
    "memorysetup-temp-allocator-size-job-worker=262144"
    "memorysetup-temp-allocator-size-preload-manager=33554432"
    "memorysetup-temp-allocator-size-nav-mesh-worker=65536"
    "memorysetup-temp-allocator-size-audio-worker=65536"
    "memorysetup-temp-allocator-size-cloud-worker=32768"
    "memorysetup-temp-allocator-size-gi-baking-worker=262144"
    "memorysetup-temp-allocator-size-gfx=262144"
Refreshing native plugins compatible for Editor in 186.84 ms, found 1 plugins.
Preloading 0 native plugins for Editor in 0.00 ms.
Initialize engine version: 2021.3.13f1 (9e7d58001ecf)
[Subsystems] Discovering subsystems at path /home/centon/Unity/Hub/Editor/2021.3.13f1/Editor/Data/Resources/UnitySubsystems
[Subsystems] Discovering subsystems at path /media/centon/Centon/File/Project/Github/LethalTrigger/Assets
GLX Extensions: GLX_ARB_get_proc_address GLX_ARB_multisample GLX_EXT_visual_info GLX_EXT_visual_rating GLX_EXT_import_context GLX_SGI_video_sync GLX_SGIX_fbconfig GLX_SGIX_pbuffer GLX_SGI_swap_control GLX_EXT_swap_control GLX_EXT_swap_control_tear GLX_EXT_buffer_age GLX_ARB_create_context GLX_ARB_create_context_profile GLX_NV_float_buffer GLX_ARB_fbconfig_float GLX_EXT_texture_from_pixmap GLX_EXT_framebuffer_sRGB GLX_NV_copy_image GLX_EXT_create_context_es_profile GLX_EXT_create_context_es2_profile GLX_ARB_create_context_no_error GLX_ARB_create_context_robustness GLX_NV_delay_before_swap GLX_EXT_stereo_tree GLX_ARB_context_flush_control GLX_NV_robustness_video_memory_purge GLX_NV_multigpu_context 
Renderer: NVIDIA GeForce GTX 1050 Ti/PCIe/SSE2
Vendor:   NVIDIA Corporation
Version:  4.5.0 NVIDIA 515.86.01
GLES:     0
 GL_AMD_multi_draw_indirect GL_AMD_seamless_cubemap_per_texture GL_AMD_vertex_shader_viewport_index GL_AMD_vertex_shader_layer GL_ARB_arrays_of_arrays GL_ARB_base_instance GL_ARB_bindless_texture GL_ARB_blend_func_extended GL_ARB_buffer_storage GL_ARB_clear_buffer_object GL_ARB_clear_texture GL_ARB_clip_control GL_ARB_color_buffer_float GL_ARB_compressed_texture_pixel_storage GL_ARB_conservative_depth GL_ARB_compute_shader GL_ARB_compute_variable_group_size GL_ARB_conditional_render_inverted GL_ARB_copy_buffer GL_ARB_copy_image GL_ARB_cull_distance GL_ARB_debug_output GL_ARB_depth_buffer_float GL_ARB_depth_clamp GL_ARB_depth_texture GL_ARB_derivative_control GL_ARB_direct_state_access GL_ARB_draw_buffers GL_ARB_draw_buffers_blend GL_ARB_draw_indirect GL_ARB_draw_elements_base_vertex GL_ARB_draw_instanced GL_ARB_enhanced_layouts GL_ARB_ES2_compatibility GL_ARB_ES3_compatibility GL_ARB_ES3_1_compatibility GL_ARB_ES3_2_compatibility GL_ARB_explicit_attrib_location GL_ARB_explicit_uniform_location GL_ARB_fragmen
t_coord_conventions GL_ARB_fragment_layer_viewport GL_ARB_fragment_program GL_ARB_fragment_program_shadow GL_ARB_fragment_shader GL_ARB_fragment_shader_interlock GL_ARB_framebuffer_no_attachments GL_ARB_framebuffer_object GL_ARB_framebuffer_sRGB GL_ARB_geometry_shader4 GL_ARB_get_program_binary GL_ARB_get_texture_sub_image GL_ARB_gl_spirv GL_ARB_gpu_shader5 GL_ARB_gpu_shader_fp64 GL_ARB_gpu_shader_int64 GL_ARB_half_float_pixel GL_ARB_half_float_vertex GL_ARB_imaging GL_ARB_indirect_parameters GL_ARB_instanced_arrays GL_ARB_internalformat_query GL_ARB_internalformat_query2 GL_ARB_invalidate_subdata GL_ARB_map_buffer_alignment GL_ARB_map_buffer_range GL_ARB_multi_bind GL_ARB_multi_draw_indirect GL_ARB_multisample GL_ARB_multitexture GL_ARB_occlusion_query GL_ARB_occlusion_query2 GL_ARB_parallel_shader_compile GL_ARB_pipeline_statistics_query GL_ARB_pixel_buffer_object GL_ARB_point_parameters GL_ARB_point_sprite GL_ARB_polygon_offset_clamp GL_ARB_post_depth_coverage GL_ARB_program_interface_query GL_ARB_provoki
ng_vertex GL_ARB_query_buffer_object GL_ARB_robust_buffer_access_behavior GL_ARB_robustness GL_ARB_sample_locations GL_ARB_sample_shading GL_ARB_sampler_objects GL_ARB_seamless_cube_map GL_ARB_seamless_cubemap_per_texture GL_ARB_separate_shader_objects GL_ARB_shader_atomic_counter_ops GL_ARB_shader_atomic_counters GL_ARB_shader_ballot GL_ARB_shader_bit_encoding GL_ARB_shader_clock GL_ARB_shader_draw_parameters GL_ARB_shader_group_vote GL_ARB_shader_image_load_store GL_ARB_shader_image_size GL_ARB_shader_objects GL_ARB_shader_precision GL_ARB_shader_storage_buffer_object GL_ARB_shader_subroutine GL_ARB_shader_texture_image_samples GL_ARB_shader_texture_lod GL_ARB_shading_language_100 GL_ARB_shader_viewport_layer_array GL_ARB_shading_language_420pack GL_ARB_shading_language_include GL_ARB_shading_language_packing GL_ARB_shadow GL_ARB_sparse_buffer GL_ARB_sparse_texture GL_ARB_sparse_texture2 GL_ARB_sparse_texture_clamp GL_ARB_spirv_extensions GL_ARB_stencil_texturing GL_ARB_sync GL_ARB_tessellation_shader GL_A
RB_texture_barrier GL_ARB_texture_border_clamp GL_ARB_texture_buffer_object GL_ARB_texture_buffer_object_rgb32 GL_ARB_texture_buffer_range GL_ARB_texture_compression GL_ARB_texture_compression_bptc GL_ARB_texture_compression_rgtc GL_ARB_texture_cube_map GL_ARB_texture_cube_map_array GL_ARB_texture_env_add GL_ARB_texture_env_combine GL_ARB_texture_env_crossbar GL_ARB_texture_env_dot3 GL_ARB_texture_filter_anisotropic GL_ARB_texture_filter_minmax GL_ARB_texture_float GL_ARB_texture_gather GL_ARB_texture_mirror_clamp_to_edge GL_ARB_texture_mirrored_repeat GL_ARB_texture_multisample GL_ARB_texture_non_power_of_two GL_ARB_texture_query_levels GL_ARB_texture_query_lod GL_ARB_texture_rectangle GL_ARB_texture_rg GL_ARB_texture_rgb10_a2ui GL_ARB_texture_stencil8 GL_ARB_texture_storage GL_ARB_texture_storage_multisample GL_ARB_texture_swizzle GL_ARB_texture_view GL_ARB_timer_query GL_ARB_transform_feedback2 GL_ARB_transform_feedback3 GL_ARB_transform_feedback_instanced GL_ARB_transform_feedback_overflow_query GL_ARB_t
ranspose_matrix GL_ARB_uniform_buffer_object GL_ARB_vertex_array_bgra GL_ARB_vertex_array_object GL_ARB_vertex_attrib_64bit GL_ARB_vertex_attrib_binding GL_ARB_vertex_buffer_object GL_ARB_vertex_program GL_ARB_vertex_shader GL_ARB_vertex_type_10f_11f_11f_rev GL_ARB_vertex_type_2_10_10_10_rev GL_ARB_viewport_array GL_ARB_window_pos GL_ATI_draw_buffers GL_ATI_texture_float GL_ATI_texture_mirror_once GL_S3_s3tc GL_EXT_texture_env_add GL_EXT_abgr GL_EXT_bgra GL_EXT_bindable_uniform GL_EXT_blend_color GL_EXT_blend_equation_separate GL_EXT_blend_func_separate GL_EXT_blend_minmax GL_EXT_blend_subtract GL_EXT_compiled_vertex_array GL_EXT_Cg_shader GL_EXT_depth_bounds_test GL_EXT_direct_state_access GL_EXT_draw_buffers2 GL_EXT_draw_instanced GL_EXT_draw_range_elements GL_EXT_fog_coord GL_EXT_framebuffer_blit GL_EXT_framebuffer_multisample GL_EXTX_framebuffer_mixed_formats GL_EXT_framebuffer_multisample_blit_scaled GL_EXT_framebuffer_object GL_EXT_framebuffer_sRGB GL_EXT_geometry_shader4 GL_EXT_gpu_program_parameters 
GL_EXT_gpu_shader4 GL_EXT_multi_draw_arrays GL_EXT_multiview_texture_multisample GL_EXT_multiview_timer_query GL_EXT_packed_depth_stencil GL_EXT_packed_float GL_EXT_packed_pixels GL_EXT_pixel_buffer_object GL_EXT_point_parameters GL_EXT_polygon_offset_clamp GL_EXT_post_depth_coverage GL_EXT_provoking_vertex GL_EXT_raster_multisample GL_EXT_rescale_normal GL_EXT_secondary_color GL_EXT_separate_shader_objects GL_EXT_separate_specular_color GL_EXT_shader_image_load_formatted GL_EXT_shader_image_load_store GL_EXT_shader_integer_mix GL_EXT_shadow_funcs GL_EXT_sparse_texture2 GL_EXT_stencil_two_side GL_EXT_stencil_wrap GL_EXT_texture3D GL_EXT_texture_array GL_EXT_texture_buffer_object GL_EXT_texture_compression_dxt1 GL_EXT_texture_compression_latc GL_EXT_texture_compression_rgtc GL_EXT_texture_compression_s3tc GL_EXT_texture_cube_map GL_EXT_texture_edge_clamp GL_EXT_texture_env_combine GL_EXT_texture_env_dot3 GL_EXT_texture_filter_anisotropic GL_EXT_texture_filter_minmax GL_EXT_texture_integer GL_EXT_texture_lod G
L_EXT_texture_lod_bias GL_EXT_texture_mirror_clamp GL_EXT_texture_object GL_EXT_texture_shadow_lod GL_EXT_texture_shared_exponent GL_EXT_texture_sRGB GL_EXT_texture_sRGB_R8 GL_EXT_texture_sRGB_decode GL_EXT_texture_storage GL_EXT_texture_swizzle GL_EXT_timer_query GL_EXT_transform_feedback2 GL_EXT_vertex_array GL_EXT_vertex_array_bgra GL_EXT_vertex_attrib_64bit GL_EXT_window_rectangles GL_EXT_x11_sync_object GL_EXT_import_sync_object GL_NV_robustness_video_memory_purge GL_IBM_rasterpos_clip GL_IBM_texture_mirrored_repeat GL_KHR_context_flush_control GL_KHR_debug GL_EXT_memory_object GL_EXT_memory_object_fd GL_NV_memory_object_sparse GL_KHR_parallel_shader_compile GL_KHR_no_error GL_KHR_robust_buffer_access_behavior GL_KHR_robustness GL_EXT_semaphore GL_EXT_semaphore_fd GL_NV_timeline_semaphore GL_KHR_shader_subgroup GL_KTX_buffer_region GL_NV_alpha_to_coverage_dither_control GL_NV_bindless_multi_draw_indirect GL_NV_bindless_multi_draw_indirect_count GL_NV_bindless_texture GL_NV_blend_equation_advanced GL_NV_
blend_equation_advanced_coherent GL_NVX_blend_equation_advanced_multi_draw_buffers GL_NV_blend_minmax_factor GL_NV_blend_square GL_NV_clip_space_w_scaling GL_NV_command_list GL_NV_compute_program5 GL_NV_conditional_render GL_NV_conservative_raster GL_NV_conservative_raster_dilate GL_NV_conservative_raster_pre_snap_triangles GL_NV_copy_depth_to_color GL_NV_copy_image GL_NV_depth_buffer_float GL_NV_depth_clamp GL_NV_draw_texture GL_NV_draw_vulkan_image GL_NV_ES1_1_compatibility GL_NV_ES3_1_compatibility GL_NV_explicit_multisample GL_NV_feature_query GL_NV_fence GL_NV_fill_rectangle GL_NV_float_buffer GL_NV_fog_distance GL_NV_fragment_coverage_to_color GL_NV_fragment_program GL_NV_fragment_program_option GL_NV_fragment_program2 GL_NV_fragment_shader_interlock GL_NV_framebuffer_mixed_samples GL_NV_framebuffer_multisample_coverage GL_NV_geometry_shader4 GL_NV_geometry_shader_passthrough GL_NV_gpu_program4 GL_NV_internalformat_sample_query GL_NV_gpu_program4_1 GL_NV_gpu_program5 GL_NV_gpu_program5_mem_extended GL_
NV_gpu_program_fp64 GL_NV_gpu_shader5 GL_NV_half_float GL_NV_light_max_exponent GL_NV_memory_attachment GL_NV_multisample_coverage GL_NV_multisample_filter_hint GL_NV_occlusion_query GL_NV_packed_depth_stencil GL_NV_parameter_buffer_object GL_NV_parameter_buffer_object2 GL_NV_path_rendering GL_NV_path_rendering_shared_edge GL_NV_pixel_data_range GL_NV_point_sprite GL_NV_primitive_restart GL_NV_query_resource GL_NV_query_resource_tag GL_NV_register_combiners GL_NV_register_combiners2 GL_NV_sample_locations GL_NV_sample_mask_override_coverage GL_NV_shader_atomic_counters GL_NV_shader_atomic_float GL_NV_shader_atomic_float64 GL_NV_shader_atomic_fp16_vector GL_NV_shader_atomic_int64 GL_NV_shader_buffer_load GL_NV_shader_storage_buffer_object GL_NV_shader_subgroup_partitioned GL_NV_stereo_view_rendering GL_NV_texgen_reflection GL_NV_texture_barrier GL_NV_texture_compression_vtc GL_NV_texture_env_combine4 GL_NV_texture_multisample GL_NV_texture_rectangle GL_NV_texture_rectangle_compressed GL_NV_texture_shader GL_N
V_texture_shader2 GL_NV_texture_shader3 GL_NV_transform_feedback GL_NV_transform_feedback2 GL_NV_uniform_buffer_unified_memory GL_NV_vdpau_interop GL_NV_vdpau_interop2 GL_NV_vertex_array_range GL_NV_vertex_array_range2 GL_NV_vertex_attrib_integer_64bit GL_NV_vertex_buffer_unified_memory GL_NV_vertex_program GL_NV_vertex_program1_1 GL_NV_vertex_program2 GL_NV_vertex_program2_option GL_NV_vertex_program3 GL_NV_viewport_array2 GL_NV_viewport_swizzle GL_NVX_conditional_render GL_NV_gpu_multicast GL_NVX_progress_fence GL_NVX_gpu_memory_info GL_NVX_nvenc_interop GL_NV_shader_thread_group GL_NV_shader_thread_shuffle GL_KHR_blend_equation_advanced GL_KHR_blend_equation_advanced_coherent GL_OVR_multiview GL_OVR_multiview2 GL_SGIS_generate_mipmap GL_SGIS_texture_lod GL_SGIX_depth_texture GL_SGIX_shadow GL_SUN_slice_accum
OPENGL LOG: Creating OpenGL 4.5 graphics device ; Context level  <OpenGL 4.5> ; Context handle -500379848
Initialize mono
Mono path[0] = '/home/centon/Unity/Hub/Editor/2021.3.13f1/Editor/Data/Managed'
Mono path[1] = '/home/centon/Unity/Hub/Editor/2021.3.13f1/Editor/Data/MonoBleedingEdge/lib/mono/unityjit-linux'
Mono config path = '/home/centon/Unity/Hub/Editor/2021.3.13f1/Editor/Data/MonoBleedingEdge/etc'
Using monoOptions --debugger-agent=transport=dt_socket,embedding=1,server=y,suspend=n,address=127.0.0.1:56515
Begin MonoManager ReloadAssembly
Registering precompiled unity dll's ...
Register platform support module: /home/centon/Unity/Hub/Editor/2021.3.13f1/Editor/Data/PlaybackEngines/WebGLSupport/UnityEditor.WebGL.Extensions.dll
Register platform support module: /home/centon/Unity/Hub/Editor/2021.3.13f1/Editor/Data/PlaybackEngines/AndroidPlayer/UnityEditor.Android.Extensions.dll
Register platform support module: /home/centon/Unity/Hub/Editor/2021.3.13f1/Editor/Data/PlaybackEngines/WindowsStandaloneSupport/UnityEditor.WindowsStandalone.Extensions.dll
Register platform support module: /home/centon/Unity/Hub/Editor/2021.3.13f1/Editor/Data/PlaybackEngines/LinuxStandaloneSupport/UnityEditor.LinuxStandalone.Extensions.dll
Registered in 0.019587 seconds.
Native extension for LinuxStandalone target not found
Native extension for WindowsStandalone target not found
Native extension for Android target not found
Native extension for WebGL target not found
Refreshing native plugins compatible for Editor in 126.51 ms, found 1 plugins.
Preloading 0 native plugins for Editor in 0.00 ms.
Mono: successfully reloaded assembly
- Completed reload, in  0.864 seconds
Domain Reload Profiling:
	ReloadAssembly (865ms)
		BeginReloadAssembly (70ms)
			ExecutionOrderSort (0ms)
			DisableScriptedObjects (0ms)
			BackupInstance (0ms)
			ReleaseScriptingObjects (0ms)
			CreateAndSetChildDomain (1ms)
		EndReloadAssembly (645ms)
			LoadAssemblies (68ms)
			RebuildTransferFunctionScriptingTraits (0ms)
			SetupTypeCache (139ms)
			ReleaseScriptCaches (0ms)
			RebuildScriptCaches (39ms)
			SetupLoadedEditorAssemblies (378ms)
				LogAssemblyErrors (0ms)
				InitializePlatformSupportModulesInManaged (75ms)
				SetLoadedEditorAssemblies (0ms)
				RefreshPlugins (127ms)
				BeforeProcessingInitializeOnLoad (1ms)
				ProcessInitializeOnLoadAttributes (119ms)
				ProcessInitializeOnLoadMethodAttributes (55ms)
				AfterProcessingInitializeOnLoad (0ms)
				EditorAssembliesLoaded (0ms)
			ExecutionOrderSort2 (0ms)
			AwakeInstancesAfterBackupRestoration (0ms)
Platform modules already initialized, skipping
Registering precompiled user dll's ...
Registered in 0.087310 seconds.
Android Extension - Scanning For ADB Devices 5548 ms
Begin MonoManager ReloadAssembly
Native extension for LinuxStandalone target not found
Native extension for WindowsStandalone target not found
Native extension for Android target not found
Native extension for WebGL target not found
Refreshing native plugins compatible for Editor in 136.22 ms, found 1 plugins.
Preloading 0 native plugins for Editor in 0.00 ms.
UpdateMenuTitleForLanguage: 10
Mono: successfully reloaded assembly
- Completed reload, in  2.741 seconds
Domain Reload Profiling:
	ReloadAssembly (2742ms)
		BeginReloadAssembly (135ms)
			ExecutionOrderSort (0ms)
			DisableScriptedObjects (7ms)
			BackupInstance (0ms)
			ReleaseScriptingObjects (0ms)
			CreateAndSetChildDomain (41ms)
		EndReloadAssembly (2409ms)
			LoadAssemblies (722ms)
			RebuildTransferFunctionScriptingTraits (0ms)
			SetupTypeCache (352ms)
			ReleaseScriptCaches (3ms)
			RebuildScriptCaches (124ms)
			SetupLoadedEditorAssemblies (1053ms)
				LogAssemblyErrors (0ms)
				InitializePlatformSupportModulesInManaged (32ms)
				SetLoadedEditorAssemblies (0ms)
				RefreshPlugins (136ms)
				BeforeProcessingInitializeOnLoad (249ms)
				ProcessInitializeOnLoadAttributes (510ms)
				ProcessInitializeOnLoadMethodAttributes (117ms)
				AfterProcessingInitializeOnLoad (9ms)
				EditorAssembliesLoaded (0ms)
			ExecutionOrderSort2 (0ms)
			AwakeInstancesAfterBackupRestoration (6ms)
Platform modules already initialized, skipping
========================================================================
Worker process is ready to serve import requests
Launched and connected shader compiler UnityShaderCompiler after 0.02 seconds
Refreshing native plugins compatible for Editor in 1.22 ms, found 1 plugins.
Preloading 0 native plugins for Editor in 0.00 ms.
Unloading 5564 Unused Serialized files (Serialized files now loaded: 0)
Unloading 52 unused Assets / (1.7 MB). Loaded Objects now: 6029.
Memory consumption went from 228.4 MB to 226.7 MB.
Total: 10.583611 ms (FindLiveObjects: 0.707287 ms CreateObjectMapping: 0.757018 ms MarkObjects: 7.772874 ms  DeleteObjects: 1.344965 ms)

AssetImportParameters requested are different than current active one (requested -> active):
  custom:video-decoder-ogg-theora: a1e56fd34408186e4bbccfd4996cb3dc -> 
  custom:container-muxer-webm: aa71ff27fc2769a1b78a27578f13a17b -> 
  custom:container-demuxer-webm: 4f35f7cbe854078d1ac9338744f61a02 -> 
  custom:video-encoder-webm-vp8: eb34c28f22e8b96e1ab97ce403110664 -> 
  custom:audio-encoder-webm-vorbis: bf7c407c2cedff20999df2af8eb42d56 -> 
  custom:container-demuxer-ogg: 62fdf1f143b41e24485cea50d1cbac27 -> 
  custom:video-decoder-webm-vp8: 9c59270c3fd7afecdb556c50c9e8de78 -> 
  custom:audio-decoder-ogg-vorbis: bf7c407c2cedff20999df2af8eb42d56 -> 
========================================================================
Received Import Request.
  Time since last request: 55755.588971 seconds.
  path: Assets/Characters/Natalia/Natalia.prefab
  artifactKey: Guid(0cef48cb926a9704296c560d3d644567) Importer(815301076,1909f56bfc062723c751e8b465ee728b)
Start importing Assets/Characters/Natalia/Natalia.prefab using Guid(0cef48cb926a9704296c560d3d644567) Importer(815301076,1909f56bfc062723c751e8b465ee728b)  -> (artifact id: '0884caca29f471bcf8dcb94d95a33b29') in 0.831273 seconds 
========================================================================
Received Import Request.
  Time since last request: 0.000074 seconds.
  path: Assets/Characters/Natalia
  artifactKey: Guid(a29918d32a973044cb2db3853d0cf6e2) Importer(815301076,1909f56bfc062723c751e8b465ee728b)
Start importing Assets/Characters/Natalia using Guid(a29918d32a973044cb2db3853d0cf6e2) Importer(815301076,1909f56bfc062723c751e8b465ee728b)  -> (artifact id: 'df7ce472b8efc12c8b4810a95b1ec9f2') in 0.007359 seconds 
========================================================================
Received Import Request.
  Time since last request: 0.000033 seconds.
  path: Assets/Characters/Natalia/Natalia.Textures/Image_5.png
  artifactKey: Guid(cfdd064444f134876b06101a16c8f4d5) Importer(815301076,1909f56bfc062723c751e8b465ee728b)
Start importing Assets/Characters/Natalia/Natalia.Textures/Image_5.png using Guid(cfdd064444f134876b06101a16c8f4d5) Importer(815301076,1909f56bfc062723c751e8b465ee728b)  -> (artifact id: '19fd6fb3a5a7563e672142d67c7197ed') in 0.030393 seconds 
========================================================================
Received Import Request.
  Time since last request: 0.000027 seconds.
  path: Assets/Characters/Natalia/Natalia.Textures/Image_4.png
  artifactKey: Guid(269d424e09000128691bae9a31a3909c) Importer(815301076,1909f56bfc062723c751e8b465ee728b)
Start importing Assets/Characters/Natalia/Natalia.Textures/Image_4.png using Guid(269d424e09000128691bae9a31a3909c) Importer(815301076,1909f56bfc062723c751e8b465ee728b)  -> (artifact id: 'b4ebeab732f683eafa418e882aab4f37') in 0.030524 seconds 
========================================================================
Received Import Request.
  Time since last request: 0.000050 seconds.
  path: Assets/Characters/Natalia/Natalia.BlendShapes
  artifactKey: Guid(44e3ea881b96cabd7bef116be7b2d40b) Importer(815301076,1909f56bfc062723c751e8b465ee728b)
Start importing Assets/Characters/Natalia/Natalia.BlendShapes using Guid(44e3ea881b96cabd7bef116be7b2d40b) Importer(815301076,1909f56bfc062723c751e8b465ee728b)  -> (artifact id: '76ad7759eb8cf3cf52d823d3bfeb7000') in 0.011860 seconds 
========================================================================
Received Import Request.
  Time since last request: 0.000032 seconds.
  path: Assets/Characters/Natalia/Natalia.Textures/Image_7.png
  artifactKey: Guid(9c5bc0d8da15a30d28ac345e3546f7c9) Importer(815301076,1909f56bfc062723c751e8b465ee728b)
Start importing Assets/Characters/Natalia/Natalia.Textures/Image_7.png using Guid(9c5bc0d8da15a30d28ac345e3546f7c9) Importer(815301076,1909f56bfc062723c751e8b465ee728b)  -> (artifact id: '5b627fd07b8f2b2a5c86708347484cb7') in 0.050326 seconds 
========================================================================
Received Import Request.
  Time since last request: 0.000040 seconds.
  path: Assets/Characters/Natalia/Natalia_Weapon_UV2.png
  artifactKey: Guid(91f06099796344d0eba2a1eb98f5ccac) Importer(815301076,1909f56bfc062723c751e8b465ee728b)
Start importing Assets/Characters/Natalia/Natalia_Weapon_UV2.png using Guid(91f06099796344d0eba2a1eb98f5ccac) Importer(815301076,1909f56bfc062723c751e8b465ee728b)  -> (artifact id: 'ceae63aae5492d06ce015f62c2b953db') in 0.025022 seconds 
========================================================================
Received Import Request.
  Time since last request: 0.000230 seconds.
  path: Assets/Characters/Natalia/Natalia.Textures/Thumbnail.png
  artifactKey: Guid(13b6e73f105249bbeb1fc61129dc74b8) Importer(815301076,1909f56bfc062723c751e8b465ee728b)
Start importing Assets/Characters/Natalia/Natalia.Textures/Thumbnail.png using Guid(13b6e73f105249bbeb1fc61129dc74b8) Importer(815301076,1909f56bfc062723c751e8b465ee728b)  -> (artifact id: '1f27e5f1a5c42026997b9495c9ca1497') in 0.032255 seconds 
========================================================================
Received Import Request.
  Time since last request: 0.000041 seconds.
  path: Assets/Characters/Natalia/Natalia.Textures
  artifactKey: Guid(6af3d927a06e82aa28cd6f801e4f8b73) Importer(815301076,1909f56bfc062723c751e8b465ee728b)
Start importing Assets/Characters/Natalia/Natalia.Textures using Guid(6af3d927a06e82aa28cd6f801e4f8b73) Importer(815301076,1909f56bfc062723c751e8b465ee728b)  -> (artifact id: '9145393c67a53ba658966d49be84e94e') in 0.010783 seconds 
========================================================================
Received Import Request.
  Time since last request: 0.000027 seconds.
  path: Assets/Characters/Natalia/Natalia.blend1
  artifactKey: Guid(34f043fb8d7b7689589d00bef0156805) Importer(815301076,1909f56bfc062723c751e8b465ee728b)
Start importing Assets/Characters/Natalia/Natalia.blend1 using Guid(34f043fb8d7b7689589d00bef0156805) Importer(815301076,1909f56bfc062723c751e8b465ee728b)  -> (artifact id: '6b603c1011ead33b7ffc4bca5bd97904') in 0.007947 seconds 
========================================================================
Received Import Request.
  Time since last request: 0.000020 seconds.
  path: Assets/Characters/Natalia/Natalia.AvatarDescription
  artifactKey: Guid(d0d97987c304d141bac84be93d007b98) Importer(815301076,1909f56bfc062723c751e8b465ee728b)
Start importing Assets/Characters/Natalia/Natalia.AvatarDescription using Guid(d0d97987c304d141bac84be93d007b98) Importer(815301076,1909f56bfc062723c751e8b465ee728b)  -> (artifact id: '292b73b864a95e65e16c3a5fc2120dc9') in 0.009530 seconds 
========================================================================
Received Import Request.
  Time since last request: 0.000029 seconds.
  path: Assets/UnityChanSSU_URP-release-1.0.2
  artifactKey: Guid(4206d87e72d8981479903b9f3bc010e4) Importer(815301076,1909f56bfc062723c751e8b465ee728b)
Start importing Assets/UnityChanSSU_URP-release-1.0.2 using Guid(4206d87e72d8981479903b9f3bc010e4) Importer(815301076,1909f56bfc062723c751e8b465ee728b)  -> (artifact id: '381ebc04f8fd623b6eb3ce580186a08f') in 0.006646 seconds 
========================================================================
Received Import Request.
  Time since last request: 0.000029 seconds.
  path: Assets/Characters/Natalia/Natalia_Weapon_UV.png
  artifactKey: Guid(8e17cd5125c64b731b87e20c43063af6) Importer(815301076,1909f56bfc062723c751e8b465ee728b)
Start importing Assets/Characters/Natalia/Natalia_Weapon_UV.png using Guid(8e17cd5125c64b731b87e20c43063af6) Importer(815301076,1909f56bfc062723c751e8b465ee728b)  -> (artifact id: '8d4f23f71a9f54a769b8c65d0e56e06b') in 0.022488 seconds 
========================================================================
Received Import Request.
  Time since last request: 0.000028 seconds.
  path: Assets/Characters/Natalia/Natalia.Textures/Image_8.normal.png
  artifactKey: Guid(a50004b7efaf51ed784db6db2dc78545) Importer(815301076,1909f56bfc062723c751e8b465ee728b)
Start importing Assets/Characters/Natalia/Natalia.Textures/Image_8.normal.png using Guid(a50004b7efaf51ed784db6db2dc78545) Importer(815301076,1909f56bfc062723c751e8b465ee728b)  -> (artifact id: '2d40ecf70098f8754d2207cddffb09af') in 0.045324 seconds 
========================================================================
Received Import Request.
  Time since last request: 0.000030 seconds.
  path: Assets/Characters/Natalia/Natalia.Textures/Image_10.png
  artifactKey: Guid(ed8869ee55c1e1aa9a02609e7a18895e) Importer(815301076,1909f56bfc062723c751e8b465ee728b)
Start importing Assets/Characters/Natalia/Natalia.Textures/Image_10.png using Guid(ed8869ee55c1e1aa9a02609e7a18895e) Importer(815301076,1909f56bfc062723c751e8b465ee728b)  -> (artifact id: '6a0b3ede8729692bbd1694626803e48b') in 0.021294 seconds 
========================================================================
Received Import Request.
  Time since last request: 0.000030 seconds.
  path: Assets/Characters/Natalia/Natalia.vrm
  artifactKey: Guid(54134d29455f0e52aaf2016726231b62) Importer(815301076,1909f56bfc062723c751e8b465ee728b)
Start importing Assets/Characters/Natalia/Natalia.vrm using Guid(54134d29455f0e52aaf2016726231b62) Importer(815301076,1909f56bfc062723c751e8b465ee728b)  -> (artifact id: 'fbd22189fce3abdbaa5ff2defd980711') in 0.006872 seconds 
========================================================================
Received Import Request.
  Time since last request: 0.000026 seconds.
  path: Assets/Characters/Natalia/Natalia.Textures/Image_0.png
  artifactKey: Guid(ff1c86991faa99ccd94fa6e5e1b6e6d9) Importer(815301076,1909f56bfc062723c751e8b465ee728b)
Start importing Assets/Characters/Natalia/Natalia.Textures/Image_0.png using Guid(ff1c86991faa99ccd94fa6e5e1b6e6d9) Importer(815301076,1909f56bfc062723c751e8b465ee728b)  -> (artifact id: '6d0f022d1becd14d65888d08741f9dd5') in 0.047124 seconds 
========================================================================
Received Import Request.
  Time since last request: 0.000036 seconds.
  path: Assets/Characters/Natalia/Natalia.Meshes
  artifactKey: Guid(cfcdea5c276761b999a735543de9d4b2) Importer(815301076,1909f56bfc062723c751e8b465ee728b)
Start importing Assets/Characters/Natalia/Natalia.Meshes using Guid(cfcdea5c276761b999a735543de9d4b2) Importer(815301076,1909f56bfc062723c751e8b465ee728b)  -> (artifact id: 'ca2ebd4ee1b796df42aaab355ea593ed') in 0.006465 seconds 
========================================================================
Received Import Request.
  Time since last request: 0.000029 seconds.
  path: Assets/Characters/Natalia/Natalia.Avatar
  artifactKey: Guid(e77b8ac5920e5cb698a7a988c3627aa1) Importer(815301076,1909f56bfc062723c751e8b465ee728b)
Start importing Assets/Characters/Natalia/Natalia.Avatar using Guid(e77b8ac5920e5cb698a7a988c3627aa1) Importer(815301076,1909f56bfc062723c751e8b465ee728b)  -> (artifact id: '93d9a7029b22a2bd6e6a5c347f60c021') in 0.006037 seconds 
========================================================================
Received Import Request.
  Time since last request: 0.000088 seconds.
  path: Assets/Characters/Natalia/Natalia.Textures/Image_6.png
  artifactKey: Guid(0a76b8934103795a4b7299a054b7b692) Importer(815301076,1909f56bfc062723c751e8b465ee728b)
Start importing Assets/Characters/Natalia/Natalia.Textures/Image_6.png using Guid(0a76b8934103795a4b7299a054b7b692) Importer(815301076,1909f56bfc062723c751e8b465ee728b)  -> (artifact id: 'acbe0d6d4f76ecbc4ea04a49b31950a6') in 0.047503 seconds 
========================================================================
Received Import Request.
  Time since last request: 0.000028 seconds.
  path: Assets/Characters/Natalia/Natalia.fbx
  artifactKey: Guid(b4207df4e15abaaefb58a8708e2a6e56) Importer(815301076,1909f56bfc062723c751e8b465ee728b)
Start importing Assets/Characters/Natalia/Natalia.fbx using Guid(b4207df4e15abaaefb58a8708e2a6e56) Importer(815301076,1909f56bfc062723c751e8b465ee728b)  -> (artifact id: '848a591bfa379c1a38678d2ef3cce0c5') in 0.466545 seconds 
========================================================================
Received Import Request.
  Time since last request: 0.000044 seconds.
  path: Assets/Scenes
  artifactKey: Guid(ada4077874a2fa04c91b5eddff1b00b8) Importer(815301076,1909f56bfc062723c751e8b465ee728b)
Start importing Assets/Scenes using Guid(ada4077874a2fa04c91b5eddff1b00b8) Importer(815301076,1909f56bfc062723c751e8b465ee728b)  -> (artifact id: '223a98fe007517809b5416d37ae1c256') in 0.012382 seconds 
========================================================================
Received Import Request.
  Time since last request: 0.000038 seconds.
  path: Assets/Characters
  artifactKey: Guid(a3e9b73b2ca11a54cbdabcb57fbf761b) Importer(815301076,1909f56bfc062723c751e8b465ee728b)
Start importing Assets/Characters using Guid(a3e9b73b2ca11a54cbdabcb57fbf761b) Importer(815301076,1909f56bfc062723c751e8b465ee728b)  -> (artifact id: 'b1baf8982dfd0cd5dfe91b27f06635ee') in 0.008125 seconds 
========================================================================
Received Import Request.
  Time since last request: 0.000019 seconds.
  path: Assets/Characters/Natalia/Natalia.Materials/N00_000_00_FaceMouth_00_FACE (Instance).asset
  artifactKey: Guid(4872730409e1c6cf3a92529fb9101867) Importer(815301076,1909f56bfc062723c751e8b465ee728b)
Start importing Assets/Characters/Natalia/Natalia.Materials/N00_000_00_FaceMouth_00_FACE (Instance).asset using Guid(4872730409e1c6cf3a92529fb9101867) Importer(815301076,1909f56bfc062723c751e8b465ee728b)  -> (artifact id: '288f55442dce725942ac9c05d2acf3f2') in 0.082870 seconds 
========================================================================
Received Import Request.
  Time since last request: 0.000045 seconds.
  path: Assets/UniGLTF
  artifactKey: Guid(4502ffceb7ee07441a884e5033f953a7) Importer(815301076,1909f56bfc062723c751e8b465ee728b)
Start importing Assets/UniGLTF using Guid(4502ffceb7ee07441a884e5033f953a7) Importer(815301076,1909f56bfc062723c751e8b465ee728b)  -> (artifact id: 'dca695c56822d699f1a6b952a0099637') in 0.007594 seconds 
========================================================================
Received Import Request.
  Time since last request: 0.000030 seconds.
  path: Assets/Characters/Natalia/Natalia.Textures/Image_2.normal.png
  artifactKey: Guid(d36c1220237d3475f9a0abae91e2cc56) Importer(815301076,1909f56bfc062723c751e8b465ee728b)
Start importing Assets/Characters/Natalia/Natalia.Textures/Image_2.normal.png using Guid(d36c1220237d3475f9a0abae91e2cc56) Importer(815301076,1909f56bfc062723c751e8b465ee728b)  -> (artifact id: 'de64d5ad57a720a5596278f45718d57c') in 0.027409 seconds 
========================================================================
Received Import Request.
  Time since last request: 0.000025 seconds.
  path: Assets/Characters/Natalia/Natalia.Textures/Image_9.png
  artifactKey: Guid(c5fbe190af7395976b27239618aea640) Importer(815301076,1909f56bfc062723c751e8b465ee728b)
Start importing Assets/Characters/Natalia/Natalia.Textures/Image_9.png using Guid(c5fbe190af7395976b27239618aea640) Importer(815301076,1909f56bfc062723c751e8b465ee728b)  -> (artifact id: 'b5a5f1af1f81f73d74a81a1cc8155982') in 0.027593 seconds 
========================================================================
Received Import Request.
  Time since last request: 0.000030 seconds.
  path: Assets/Scenes/Test Scene.unity
  artifactKey: Guid(353233c3c5afe0545885bffe382928d1) Importer(815301076,1909f56bfc062723c751e8b465ee728b)
Start importing Assets/Scenes/Test Scene.unity using Guid(353233c3c5afe0545885bffe382928d1) Importer(815301076,1909f56bfc062723c751e8b465ee728b)  -> (artifact id: 'c3cbb33a68ddc8d02652a8ca969bfc69') in 0.091565 seconds 
========================================================================
Received Import Request.
  Time since last request: 0.000034 seconds.
  path: Assets/Characters/Creno/Creno_N.Textures/Thumbnail.png
  artifactKey: Guid(2286c573c1a5b3246b8e25cccfb60abb) Importer(815301076,1909f56bfc062723c751e8b465ee728b)
Start importing Assets/Characters/Creno/Creno_N.Textures/Thumbnail.png using Guid(2286c573c1a5b3246b8e25cccfb60abb) Importer(815301076,1909f56bfc062723c751e8b465ee728b)  -> (artifact id: '6259f02512f65d7f160ca73de4391be2') in 0.025498 seconds 
========================================================================
Received Import Request.
  Time since last request: 0.000026 seconds.
  path: Assets/Characters/Natalia/Natalia.Textures/Image_1.png
  artifactKey: Guid(fe6efe7252a9d822cbd23e98f8478db8) Importer(815301076,1909f56bfc062723c751e8b465ee728b)
Start importing Assets/Characters/Natalia/Natalia.Textures/Image_1.png using Guid(fe6efe7252a9d822cbd23e98f8478db8) Importer(815301076,1909f56bfc062723c751e8b465ee728b)  -> (artifact id: 'bce782d5f34e3d839320fda2ef007de1') in 0.055637 seconds 
========================================================================
Received Import Request.
  Time since last request: 0.000031 seconds.
  path: Assets/Characters/Natalia/Natalia.Textures/MatcapWarp_01.png
  artifactKey: Guid(959f249ac34415f119ce646b5cb534db) Importer(815301076,1909f56bfc062723c751e8b465ee728b)
Start importing Assets/Characters/Natalia/Natalia.Textures/MatcapWarp_01.png using Guid(959f249ac34415f119ce646b5cb534db) Importer(815301076,1909f56bfc062723c751e8b465ee728b)  -> (artifact id: 'a71aeb31b4c5f7a231e24ac1c8101bad') in 0.021473 seconds 
========================================================================
Received Import Request.
  Time since last request: 0.000025 seconds.
  path: Assets/Characters/Natalia/Natalia.Avatar/VrmAvatar.asset
  artifactKey: Guid(ea0356d34630c6a90a259801a69fb8bc) Importer(815301076,1909f56bfc062723c751e8b465ee728b)
Start importing Assets/Characters/Natalia/Natalia.Avatar/VrmAvatar.asset using Guid(ea0356d34630c6a90a259801a69fb8bc) Importer(815301076,1909f56bfc062723c751e8b465ee728b)  -> (artifact id: '03901457eeddb6a23a0ce6c7ccf03e11') in 0.017353 seconds 
========================================================================
Received Import Request.
  Time since last request: 0.000026 seconds.
  path: Assets/Characters/CharacterPhysics.physicsMaterial2D
  artifactKey: Guid(aa78e53cc443f8f4a84ace7d3f363370) Importer(815301076,1909f56bfc062723c751e8b465ee728b)
Start importing Assets/Characters/CharacterPhysics.physicsMaterial2D using Guid(aa78e53cc443f8f4a84ace7d3f363370) Importer(815301076,1909f56bfc062723c751e8b465ee728b)  -> (artifact id: '8fb8a7b50091a8486296ad4b89f841b4') in 0.011568 seconds 
========================================================================
Received Import Request.
  Time since last request: 0.000028 seconds.
  path: Assets/Characters/Natalia/Natalia.Materials
  artifactKey: Guid(efe76c7c086cfcdaa86d3c3d184dab42) Importer(815301076,1909f56bfc062723c751e8b465ee728b)
Start importing Assets/Characters/Natalia/Natalia.Materials using Guid(efe76c7c086cfcdaa86d3c3d184dab42) Importer(815301076,1909f56bfc062723c751e8b465ee728b)  -> (artifact id: '722a52b7032596983f4833e000e76020') in 0.009714 seconds 
========================================================================
Received Import Request.
  Time since last request: 0.000052 seconds.
  path: Assets/Characters/Natalia/Natalia.MetaObject
  artifactKey: Guid(6bd9503daf3dc356085fa0109b7265e3) Importer(815301076,1909f56bfc062723c751e8b465ee728b)
Start importing Assets/Characters/Natalia/Natalia.MetaObject using Guid(6bd9503daf3dc356085fa0109b7265e3) Importer(815301076,1909f56bfc062723c751e8b465ee728b)  -> (artifact id: 'c6fe5db3a547cd0f6d24cda103649d62') in 0.012016 seconds 
========================================================================
Received Import Request.
  Time since last request: 0.000033 seconds.
  path: Assets/Characters/Natalia/Natalia.Materials/N00_000_00_Body_00_SKIN (Instance).asset
  artifactKey: Guid(52699f82144a7188d8b92f023eee2b6d) Importer(815301076,1909f56bfc062723c751e8b465ee728b)
Start importing Assets/Characters/Natalia/Natalia.Materials/N00_000_00_Body_00_SKIN (Instance).asset using Guid(52699f82144a7188d8b92f023eee2b6d) Importer(815301076,1909f56bfc062723c751e8b465ee728b)  -> (artifact id: 'cd7cb007b797c6b83689a287665a4cda') in 0.077503 seconds 
========================================================================
Received Import Request.
  Time since last request: 0.000060 seconds.
  path: Assets/Characters/Natalia/Natalia.AvatarDescription/AvatarDescription.asset
  artifactKey: Guid(2093716a548cc71ccb911afee11aeffd) Importer(815301076,1909f56bfc062723c751e8b465ee728b)
Start importing Assets/Characters/Natalia/Natalia.AvatarDescription/AvatarDescription.asset using Guid(2093716a548cc71ccb911afee11aeffd) Importer(815301076,1909f56bfc062723c751e8b465ee728b)  -> (artifact id: '941a9d6fb72136055d678bc5e03d4d00') in 0.014204 seconds 
========================================================================
Received Import Request.
  Time since last request: 0.000022 seconds.
  path: Assets/Characters/Natalia/Weapon.fbx
  artifactKey: Guid(fc94b7819f4fc71a8a5a811814f035c3) Importer(815301076,1909f56bfc062723c751e8b465ee728b)
Start importing Assets/Characters/Natalia/Weapon.fbx using Guid(fc94b7819f4fc71a8a5a811814f035c3) Importer(815301076,1909f56bfc062723c751e8b465ee728b)  -> (artifact id: '74713ebbbe6ce8ddc0173200e5329f8e') in 0.043685 seconds 
========================================================================
Received Import Request.
  Time since last request: 39.860221 seconds.
  path: Assets/Characters/Creno
  artifactKey: Guid(1daa2e21d5cb1f748b255cb4b10ac141) Importer(815301076,1909f56bfc062723c751e8b465ee728b)
Start importing Assets/Characters/Creno using Guid(1daa2e21d5cb1f748b255cb4b10ac141) Importer(815301076,1909f56bfc062723c751e8b465ee728b)  -> (artifact id: 'd94f39941aa5f207f96aaefcbc33eb3e') in 0.013058 seconds 
========================================================================
Received Import Request.
  Time since last request: 0.041036 seconds.
  path: Assets/Characters/Creno/Creno.prefab
  artifactKey: Guid(a7be9982e6deacd4f8c78b84e6b30da1) Importer(815301076,1909f56bfc062723c751e8b465ee728b)
Start importing Assets/Characters/Creno/Creno.prefab using Guid(a7be9982e6deacd4f8c78b84e6b30da1) Importer(815301076,1909f56bfc062723c751e8b465ee728b)  -> (artifact id: '5a99b8885bb5970df47f430d4db89f5d') in 5.808156 seconds 
========================================================================
Received Import Request.
  Time since last request: 0.000056 seconds.
  path: Assets/Characters/Creno/Materials/Creno_body_UV1.png
  artifactKey: Guid(cfa90e000d92713488487bfd8e858ae0) Importer(815301076,1909f56bfc062723c751e8b465ee728b)
Start importing Assets/Characters/Creno/Materials/Creno_body_UV1.png using Guid(cfa90e000d92713488487bfd8e858ae0) Importer(815301076,1909f56bfc062723c751e8b465ee728b)  -> (artifact id: '5a750ab30c8e9a9c0de21250da9f2e72') in 1.164447 seconds 
========================================================================
Received Import Request.
  Time since last request: 0.000034 seconds.
  path: Assets/Characters/Creno/Materials/外觀.mat
  artifactKey: Guid(6a82aa75174bb0a4586cab0849c2d6cf) Importer(815301076,1909f56bfc062723c751e8b465ee728b)
Start importing Assets/Characters/Creno/Materials/外觀.mat using Guid(6a82aa75174bb0a4586cab0849c2d6cf) Importer(815301076,1909f56bfc062723c751e8b465ee728b)  -> (artifact id: '8427f185a8d3ee634ce1bf3305fe325a') in 0.512302 seconds 
========================================================================
Received Import Request.
  Time since last request: 0.000045 seconds.
  path: Assets/Characters/Creno/Weapon.fbx
  artifactKey: Guid(d2d478c98afa4a74098dd9df9262c285) Importer(815301076,1909f56bfc062723c751e8b465ee728b)
Start importing Assets/Characters/Creno/Weapon.fbx using Guid(d2d478c98afa4a74098dd9df9262c285) Importer(815301076,1909f56bfc062723c751e8b465ee728b)  -> (artifact id: 'f05ac91d333fc3c7ecd13b081e485284') in 0.205053 seconds 
========================================================================
Received Import Request.
  Time since last request: 0.000035 seconds.
  path: Assets/Characters/Creno/Materials/Hair.png
  artifactKey: Guid(e9d23acf76024d14cab0adcc189e6584) Importer(815301076,1909f56bfc062723c751e8b465ee728b)
Start importing Assets/Characters/Creno/Materials/Hair.png using Guid(e9d23acf76024d14cab0adcc189e6584) Importer(815301076,1909f56bfc062723c751e8b465ee728b)  -> (artifact id: 'b69dedb8395d640b98fb0aa0050274af') in 0.126666 seconds 
========================================================================
Received Import Request.
  Time since last request: 0.000029 seconds.
  path: Assets/Characters/Creno/Creno_N.MetaObject
  artifactKey: Guid(fcb52a5ec739caf41909c730a1e6a612) Importer(815301076,1909f56bfc062723c751e8b465ee728b)
Start importing Assets/Characters/Creno/Creno_N.MetaObject using Guid(fcb52a5ec739caf41909c730a1e6a612) Importer(815301076,1909f56bfc062723c751e8b465ee728b)  -> (artifact id: '84fb38ad3d2c56c864aa6790fcc6f353') in 0.007035 seconds 
========================================================================
Received Import Request.
  Time since last request: 0.000026 seconds.
  path: Assets/Characters/Creno/Materials/頭髮 1.mat
  artifactKey: Guid(6da0aacb98ec5834ba01c3be71fb8086) Importer(815301076,1909f56bfc062723c751e8b465ee728b)
Start importing Assets/Characters/Creno/Materials/頭髮 1.mat using Guid(6da0aacb98ec5834ba01c3be71fb8086) Importer(815301076,1909f56bfc062723c751e8b465ee728b)  -> (artifact id: '20cc6f74307eed7ca185c199ad520e32') in 0.251207 seconds 
========================================================================
Received Import Request.
  Time since last request: 0.000048 seconds.
  path: Assets/Characters/Creno/Materials/Weapon_UV.png
  artifactKey: Guid(408d58261fa89024c90973b86e53d08b) Importer(815301076,1909f56bfc062723c751e8b465ee728b)
Start importing Assets/Characters/Creno/Materials/Weapon_UV.png using Guid(408d58261fa89024c90973b86e53d08b) Importer(815301076,1909f56bfc062723c751e8b465ee728b)  -> (artifact id: '56b048bbb696c149be1bd717d46fd0a4') in 0.063599 seconds 
========================================================================
Received Import Request.
  Time since last request: 0.000039 seconds.
  path: Assets/Characters/Creno/Player.prefab
  artifactKey: Guid(70d43dab218f76c4d8826bd0a09107cc) Importer(815301076,1909f56bfc062723c751e8b465ee728b)
Start importing Assets/Characters/Creno/Player.prefab using Guid(70d43dab218f76c4d8826bd0a09107cc) Importer(815301076,1909f56bfc062723c751e8b465ee728b)  -> (artifact id: '762604b8c231f8716e73ffcfd9505320') in 1.441291 seconds 
========================================================================
Received Import Request.
  Time since last request: 0.000073 seconds.
  path: Assets/Characters/Creno/Creno_N.Materials/N00_000_00_HairBack_00_HAIR (Instance).asset
  artifactKey: Guid(bad8ff9c15b35084ab721e6c535f71bf) Importer(815301076,1909f56bfc062723c751e8b465ee728b)
Start importing Assets/Characters/Creno/Creno_N.Materials/N00_000_00_HairBack_00_HAIR (Instance).asset using Guid(bad8ff9c15b35084ab721e6c535f71bf) Importer(815301076,1909f56bfc062723c751e8b465ee728b)  -> (artifact id: '764ca524fedd11da7ec281bf28d403ef') in 0.041464 seconds 
========================================================================
Received Import Request.
  Time since last request: 0.000067 seconds.
  path: Assets/Characters/Creno/Creno_N.Materials/N00_000_00_EyeHighlight_00_EYE (Instance).asset
  artifactKey: Guid(7b6f9f82b4fc9134fa9f6e14df499488) Importer(815301076,1909f56bfc062723c751e8b465ee728b)
Start importing Assets/Characters/Creno/Creno_N.Materials/N00_000_00_EyeHighlight_00_EYE (Instance).asset using Guid(7b6f9f82b4fc9134fa9f6e14df499488) Importer(815301076,1909f56bfc062723c751e8b465ee728b)  -> (artifact id: '72e2f5a554a6247a8ba554079f79d56d') in 0.036458 seconds 
========================================================================
Received Import Request.
  Time since last request: 0.000038 seconds.
  path: Assets/Characters/Creno/Creno_N.Materials/N00_002_01_Shoes_01_CLOTH (Instance).asset
  artifactKey: Guid(cad4ba89e0142664a9e396be5a860bb6) Importer(815301076,1909f56bfc062723c751e8b465ee728b)
Start importing Assets/Characters/Creno/Creno_N.Materials/N00_002_01_Shoes_01_CLOTH (Instance).asset using Guid(cad4ba89e0142664a9e396be5a860bb6) Importer(815301076,1909f56bfc062723c751e8b465ee728b)  -> (artifact id: 'e422d68b522226b241bc795647d7b8a6') in 0.040970 seconds 
========================================================================
Received Import Request.
  Time since last request: 0.000051 seconds.
  path: Assets/Characters/Creno/Creno_N.Materials/N00_007_01_Tops_01_CLOTH_03 (Instance).asset
  artifactKey: Guid(e988c60a2aab0824bbaa5ba60723d86d) Importer(815301076,1909f56bfc062723c751e8b465ee728b)
Start importing Assets/Characters/Creno/Creno_N.Materials/N00_007_01_Tops_01_CLOTH_03 (Instance).asset using Guid(e988c60a2aab0824bbaa5ba60723d86d) Importer(815301076,1909f56bfc062723c751e8b465ee728b)  -> (artifact id: '341d3208714672ab2afecd69f38492b1') in 0.053597 seconds 
========================================================================
Received Import Request.
  Time since last request: 0.000680 seconds.
  path: Assets/Characters/Creno/Creno_N.Materials/N00_007_01_Tops_01_CLOTH_04 (Instance).asset
  artifactKey: Guid(6eb567f69f239b84da191da0daee8404) Importer(815301076,1909f56bfc062723c751e8b465ee728b)
Start importing Assets/Characters/Creno/Creno_N.Materials/N00_007_01_Tops_01_CLOTH_04 (Instance).asset using Guid(6eb567f69f239b84da191da0daee8404) Importer(815301076,1909f56bfc062723c751e8b465ee728b)  -> (artifact id: '490f7e150fad5cb23949a586b52f3740') in 0.043940 seconds 
========================================================================
Received Import Request.
  Time since last request: 0.000035 seconds.
  path: Assets/Characters/Creno/Creno_N.Materials/N00_007_01_Tops_01_CLOTH_01 (Instance).asset
  artifactKey: Guid(5110a480a9d41c948914b26f030488ee) Importer(815301076,1909f56bfc062723c751e8b465ee728b)
Start importing Assets/Characters/Creno/Creno_N.Materials/N00_007_01_Tops_01_CLOTH_01 (Instance).asset using Guid(5110a480a9d41c948914b26f030488ee) Importer(815301076,1909f56bfc062723c751e8b465ee728b)  -> (artifact id: '1395ad613b4b8e2897746a8e0697eb9c') in 0.040910 seconds 
========================================================================
Received Import Request.
  Time since last request: 0.000311 seconds.
  path: Assets/Characters/Creno/Creno_N.Materials/N00_000_00_FaceMouth_00_FACE (Instance).asset
  artifactKey: Guid(6604e66536f73be47ab2ea6da4a5bb28) Importer(815301076,1909f56bfc062723c751e8b465ee728b)
Start importing Assets/Characters/Creno/Creno_N.Materials/N00_000_00_FaceMouth_00_FACE (Instance).asset using Guid(6604e66536f73be47ab2ea6da4a5bb28) Importer(815301076,1909f56bfc062723c751e8b465ee728b)  -> (artifact id: 'cf656f75cd9e8ff40cd62a78b6e7756d') in 0.046382 seconds 
========================================================================
Received Import Request.
  Time since last request: 0.000028 seconds.
  path: Assets/Characters/Creno/Creno_N.Materials/N00_000_Hair_00_HAIR_01 (Instance).asset
  artifactKey: Guid(5ad34fdf7a530af418a62f5508696569) Importer(815301076,1909f56bfc062723c751e8b465ee728b)
Start importing Assets/Characters/Creno/Creno_N.Materials/N00_000_Hair_00_HAIR_01 (Instance).asset using Guid(5ad34fdf7a530af418a62f5508696569) Importer(815301076,1909f56bfc062723c751e8b465ee728b)  -> (artifact id: '9e2b0dc971dc6899b1d7ef8b2ea06d7c') in 0.057391 seconds 
========================================================================
Received Import Request.
  Time since last request: 0.000026 seconds.
  path: Assets/Characters/Creno/Creno_N.Materials/N00_000_00_FaceEyeline_00_FACE (Instance).asset
  artifactKey: Guid(664b1a61257125c4eb518eabe133bc72) Importer(815301076,1909f56bfc062723c751e8b465ee728b)
Start importing Assets/Characters/Creno/Creno_N.Materials/N00_000_00_FaceEyeline_00_FACE (Instance).asset using Guid(664b1a61257125c4eb518eabe133bc72) Importer(815301076,1909f56bfc062723c751e8b465ee728b)  -> (artifact id: '05b68d9e6991974df8b237ed1177cf5b') in 0.039339 seconds 
========================================================================
Received Import Request.
  Time since last request: 0.000046 seconds.
  path: Assets/Characters/Creno/Creno_N.Materials/N00_000_00_FaceBrow_00_FACE (Instance).asset
  artifactKey: Guid(c79999731de4d2b41afffd0eaab8eef3) Importer(815301076,1909f56bfc062723c751e8b465ee728b)
Start importing Assets/Characters/Creno/Creno_N.Materials/N00_000_00_FaceBrow_00_FACE (Instance).asset using Guid(c79999731de4d2b41afffd0eaab8eef3) Importer(815301076,1909f56bfc062723c751e8b465ee728b)  -> (artifact id: 'da48c834d1b272cf86500f278d8a7ead') in 0.041352 seconds 
========================================================================
Received Import Request.
  Time since last request: 0.000029 seconds.
  path: Assets/Characters/Creno/Creno_N.Materials/N00_000_00_EyeIris_00_EYE (Instance).asset
  artifactKey: Guid(f37faa1077281e34c827b876de01dcde) Importer(815301076,1909f56bfc062723c751e8b465ee728b)
Start importing Assets/Characters/Creno/Creno_N.Materials/N00_000_00_EyeIris_00_EYE (Instance).asset using Guid(f37faa1077281e34c827b876de01dcde) Importer(815301076,1909f56bfc062723c751e8b465ee728b)  -> (artifact id: 'ef7f09a8594b8b2d7cb067bdcf9cd2e2') in 0.038928 seconds 
========================================================================
Received Import Request.
  Time since last request: 0.000068 seconds.
  path: Assets/Characters/Creno/Creno_N.Materials/N00_000_00_FaceEyelash_00_FACE (Instance).asset
  artifactKey: Guid(2a8d2c36ea97bab47878125da749ed6f) Importer(815301076,1909f56bfc062723c751e8b465ee728b)
Start importing Assets/Characters/Creno/Creno_N.Materials/N00_000_00_FaceEyelash_00_FACE (Instance).asset using Guid(2a8d2c36ea97bab47878125da749ed6f) Importer(815301076,1909f56bfc062723c751e8b465ee728b)  -> (artifact id: 'f668baab6c13726926977fd449a93163') in 0.035973 seconds 
========================================================================
Received Import Request.
  Time since last request: 0.000043 seconds.
  path: Assets/Characters/Creno/Creno_N.Materials/N00_001_01_Bottoms_01_CLOTH (Instance).asset
  artifactKey: Guid(39bf3e35e277fbc4d935e9d7fc4c1aa3) Importer(815301076,1909f56bfc062723c751e8b465ee728b)
Start importing Assets/Characters/Creno/Creno_N.Materials/N00_001_01_Bottoms_01_CLOTH (Instance).asset using Guid(39bf3e35e277fbc4d935e9d7fc4c1aa3) Importer(815301076,1909f56bfc062723c751e8b465ee728b)  -> (artifact id: '968393110599991e225cfa8e45e8b65e') in 0.039870 seconds 
========================================================================
Received Import Request.
  Time since last request: 0.000029 seconds.
  path: Assets/Characters/Creno/Creno_N.Materials/N00_000_00_EyeWhite_00_EYE (Instance).asset
  artifactKey: Guid(04f8d60b46e28f04ba58fa4e12bfdeb4) Importer(815301076,1909f56bfc062723c751e8b465ee728b)
Start importing Assets/Characters/Creno/Creno_N.Materials/N00_000_00_EyeWhite_00_EYE (Instance).asset using Guid(04f8d60b46e28f04ba58fa4e12bfdeb4) Importer(815301076,1909f56bfc062723c751e8b465ee728b)  -> (artifact id: 'f17a385a34825a81c5e8ace5b33cad41') in 0.034610 seconds 
========================================================================
Received Import Request.
  Time since last request: 0.000029 seconds.
  path: Assets/Characters/Creno/Creno_N.Materials/N00_001_01_Accessory_Tie_01_CLOTH (Instance).asset
  artifactKey: Guid(5b8c213f52b33ca49a4a147b65c9eb0e) Importer(815301076,1909f56bfc062723c751e8b465ee728b)
Start importing Assets/Characters/Creno/Creno_N.Materials/N00_001_01_Accessory_Tie_01_CLOTH (Instance).asset using Guid(5b8c213f52b33ca49a4a147b65c9eb0e) Importer(815301076,1909f56bfc062723c751e8b465ee728b)  -> (artifact id: 'd201332dd4fb1a1c971623da26e1d44d') in 0.034140 seconds 
========================================================================
Received Import Request.
  Time since last request: 0.000052 seconds.
  path: Assets/Characters/Creno/Creno_N.Materials/N00_000_00_Body_00_SKIN (Instance).asset
  artifactKey: Guid(941b98196b2df7247ad39ee0baec8960) Importer(815301076,1909f56bfc062723c751e8b465ee728b)
Start importing Assets/Characters/Creno/Creno_N.Materials/N00_000_00_Body_00_SKIN (Instance).asset using Guid(941b98196b2df7247ad39ee0baec8960) Importer(815301076,1909f56bfc062723c751e8b465ee728b)  -> (artifact id: '8f29355d8953645112d7ba662a226729') in 0.046708 seconds 
========================================================================
Received Import Request.
  Time since last request: 0.000375 seconds.
  path: Assets/Characters/Creno/Creno_N.Materials/N00_007_01_Tops_01_CLOTH_02 (Instance).asset
  artifactKey: Guid(2f263855d0e34ee41b8d77146fc87dec) Importer(815301076,1909f56bfc062723c751e8b465ee728b)
Start importing Assets/Characters/Creno/Creno_N.Materials/N00_007_01_Tops_01_CLOTH_02 (Instance).asset using Guid(2f263855d0e34ee41b8d77146fc87dec) Importer(815301076,1909f56bfc062723c751e8b465ee728b)  -> (artifact id: 'f9d2bea4c05849cdb798cbf09262a713') in 0.134662 seconds 
========================================================================
Received Import Request.
  Time since last request: 0.000027 seconds.
  path: Assets/Characters/Creno/Creno_N.Materials/N00_007_03_Tops_01_CLOTH (Instance).asset
  artifactKey: Guid(a58cbf7d2a14fdc4983ba0188d1bb3a0) Importer(815301076,1909f56bfc062723c751e8b465ee728b)
Start importing Assets/Characters/Creno/Creno_N.Materials/N00_007_03_Tops_01_CLOTH (Instance).asset using Guid(a58cbf7d2a14fdc4983ba0188d1bb3a0) Importer(815301076,1909f56bfc062723c751e8b465ee728b)  -> (artifact id: '3a15b2316e8fe3c6d7350e12e788a9ad') in 0.039675 seconds 
========================================================================
Received Import Request.
  Time since last request: 0.000038 seconds.
  path: Assets/Characters/Creno/Materials/Creno_cloth_UV_layout.png
  artifactKey: Guid(6fc109e2e357fc64590ea4d1bf3367a2) Importer(815301076,1909f56bfc062723c751e8b465ee728b)
Start importing Assets/Characters/Creno/Materials/Creno_cloth_UV_layout.png using Guid(6fc109e2e357fc64590ea4d1bf3367a2) Importer(815301076,1909f56bfc062723c751e8b465ee728b)  -> (artifact id: '4c2c4cacc2ff3ffabc0fea73f1df0652') in 0.278717 seconds 
========================================================================
Received Import Request.
  Time since last request: 0.000136 seconds.
  path: Assets/Characters/Creno/Materials/頭髮.mat
  artifactKey: Guid(016f65751067e234786b2128b2d4f522) Importer(815301076,1909f56bfc062723c751e8b465ee728b)
Start importing Assets/Characters/Creno/Materials/頭髮.mat using Guid(016f65751067e234786b2128b2d4f522) Importer(815301076,1909f56bfc062723c751e8b465ee728b)  -> (artifact id: '56da4ffef6525fba3f1679fe830967b6') in 0.056343 seconds 
========================================================================
Received Import Request.
  Time since last request: 0.000059 seconds.
  path: Assets/Characters/Creno/Creno_N.Materials/N00_000_00_Face_00_SKIN (Instance).asset
  artifactKey: Guid(7db526a7b975a9f4e8a174a6ebd499e8) Importer(815301076,1909f56bfc062723c751e8b465ee728b)
Start importing Assets/Characters/Creno/Creno_N.Materials/N00_000_00_Face_00_SKIN (Instance).asset using Guid(7db526a7b975a9f4e8a174a6ebd499e8) Importer(815301076,1909f56bfc062723c751e8b465ee728b)  -> (artifact id: '7284f6bc1f814246d4282bae7bb6d840') in 0.045766 seconds 
========================================================================
Received Import Request.
  Time since last request: 0.000072 seconds.
  path: Assets/Characters/Creno/Creno_N.Materials
  artifactKey: Guid(92d65d29453a81d42a37010c7fac56df) Importer(815301076,1909f56bfc062723c751e8b465ee728b)
Start importing Assets/Characters/Creno/Creno_N.Materials using Guid(92d65d29453a81d42a37010c7fac56df) Importer(815301076,1909f56bfc062723c751e8b465ee728b)  -> (artifact id: '74c7c69d208d67b1a204e63e5296a8b1') in 0.011859 seconds 
========================================================================
Received Import Request.
  Time since last request: 0.000041 seconds.
  path: Assets/Characters/Creno/Materials/Creno_body_UV_layout.png
  artifactKey: Guid(1b3b4d188b1a3e94ea3222019c639376) Importer(815301076,1909f56bfc062723c751e8b465ee728b)
Start importing Assets/Characters/Creno/Materials/Creno_body_UV_layout.png using Guid(1b3b4d188b1a3e94ea3222019c639376) Importer(815301076,1909f56bfc062723c751e8b465ee728b)  -> (artifact id: 'a25b0932ceeca177c017f8b440b5d6cd') in 0.215249 seconds 
========================================================================
Received Import Request.
  Time since last request: 0.000043 seconds.
  path: Assets/Characters/Creno/Creno_N.Meshes
  artifactKey: Guid(88e73017b97253741932ef66b64857d1) Importer(815301076,1909f56bfc062723c751e8b465ee728b)
Start importing Assets/Characters/Creno/Creno_N.Meshes using Guid(88e73017b97253741932ef66b64857d1) Importer(815301076,1909f56bfc062723c751e8b465ee728b)  -> (artifact id: '2348a3ac089903aa7623ed5bdac28d48') in 0.016881 seconds 
========================================================================
Received Import Request.
  Time since last request: 0.000040 seconds.
  path: Assets/Characters/Creno/Materials/服裝.mat
  artifactKey: Guid(4115a2bed6de32f4e85eb40c20d94c62) Importer(815301076,1909f56bfc062723c751e8b465ee728b)
Start importing Assets/Characters/Creno/Materials/服裝.mat using Guid(4115a2bed6de32f4e85eb40c20d94c62) Importer(815301076,1909f56bfc062723c751e8b465ee728b)  -> (artifact id: 'c9a49dec6a2338108f5e046f15b3e2e8') in 0.154431 seconds 
========================================================================
Received Import Request.
  Time since last request: 0.000047 seconds.
  path: Assets/Characters/Creno/Materials/CR-UV.png
  artifactKey: Guid(68b64171bccd55b4eac2ce0884173c36) Importer(815301076,1909f56bfc062723c751e8b465ee728b)
Start importing Assets/Characters/Creno/Materials/CR-UV.png using Guid(68b64171bccd55b4eac2ce0884173c36) Importer(815301076,1909f56bfc062723c751e8b465ee728b)  -> (artifact id: '7e5a7ca57cab01a178fdd2b167935ab9') in 0.076297 seconds 
========================================================================
Received Import Request.
  Time since last request: 0.000028 seconds.
  path: Assets/Characters/Creno/Materials
  artifactKey: Guid(aceeffe8373296641a781e8927b98f73) Importer(815301076,1909f56bfc062723c751e8b465ee728b)
Start importing Assets/Characters/Creno/Materials using Guid(aceeffe8373296641a781e8927b98f73) Importer(815301076,1909f56bfc062723c751e8b465ee728b)  -> (artifact id: '055072fd513b75b40c92cdd1b5b7a7e9') in 0.014872 seconds 
========================================================================
Received Import Request.
  Time since last request: 0.000193 seconds.
  path: Assets/Characters/Creno/Materials/Creno_cloth_UV.png
  artifactKey: Guid(0b0ac53d689619f47bbe340a18e308e2) Importer(815301076,1909f56bfc062723c751e8b465ee728b)
Start importing Assets/Characters/Creno/Materials/Creno_cloth_UV.png using Guid(0b0ac53d689619f47bbe340a18e308e2) Importer(815301076,1909f56bfc062723c751e8b465ee728b)  -> (artifact id: 'f8f0e7d4943d67b78363ebbedb72ff25') in 0.032515 seconds 
========================================================================
Received Import Request.
  Time since last request: 0.000047 seconds.
  path: Assets/Characters/Creno/Materials/Creno_body_UV.png
  artifactKey: Guid(e5a2e74a0489d0a488c7d9f48da4c1de) Importer(815301076,1909f56bfc062723c751e8b465ee728b)
Start importing Assets/Characters/Creno/Materials/Creno_body_UV.png using Guid(e5a2e74a0489d0a488c7d9f48da4c1de) Importer(815301076,1909f56bfc062723c751e8b465ee728b)  -> (artifact id: '01a8a761618b2bfc9d351f68291e204b') in 0.028691 seconds 
========================================================================
Received Import Request.
  Time since last request: 0.000026 seconds.
  path: Assets/Characters/Creno/Weapon_N.fbx
  artifactKey: Guid(3e4510f8d5a1cc04d8a025957a8c7dbe) Importer(815301076,1909f56bfc062723c751e8b465ee728b)
Start importing Assets/Characters/Creno/Weapon_N.fbx using Guid(3e4510f8d5a1cc04d8a025957a8c7dbe) Importer(815301076,1909f56bfc062723c751e8b465ee728b)  -> (artifact id: '672647c071c3fceafb63bf8b66023169') in 0.044049 seconds 
========================================================================
Received Import Request.
  Time since last request: 0.000030 seconds.
  path: Assets/Characters/Creno/Creno_N.BlendShapes
  artifactKey: Guid(fcfa93a895f47cb40b6dd024cc0a778d) Importer(815301076,1909f56bfc062723c751e8b465ee728b)
Start importing Assets/Characters/Creno/Creno_N.BlendShapes using Guid(fcfa93a895f47cb40b6dd024cc0a778d) Importer(815301076,1909f56bfc062723c751e8b465ee728b)  -> (artifact id: '72e2e6992f508622f370977c6cd0b8cb') in 0.006764 seconds 
========================================================================
Received Import Request.
  Time since last request: 245.350318 seconds.
  path: Assets/Characters/Maria
  artifactKey: Guid(6c0e7f6f86cb84442a69b6e84d7c5fb4) Importer(815301076,1909f56bfc062723c751e8b465ee728b)
Start importing Assets/Characters/Maria using Guid(6c0e7f6f86cb84442a69b6e84d7c5fb4) Importer(815301076,1909f56bfc062723c751e8b465ee728b)  -> (artifact id: '31ad1c69ffe5c956ef66dc478a604f69') in 0.007128 seconds 
========================================================================
Received Import Request.
  Time since last request: 368.374201 seconds.
  path: Assets/Characters/Natalia/Animations
  artifactKey: Guid(b739091478b76c79eb546fd6a998d5cb) Importer(815301076,1909f56bfc062723c751e8b465ee728b)
Start importing Assets/Characters/Natalia/Animations using Guid(b739091478b76c79eb546fd6a998d5cb) Importer(815301076,1909f56bfc062723c751e8b465ee728b)  -> (artifact id: '0d245a6f2b80afc70c6ed89f877ffb42') in 0.007843 seconds 
========================================================================
Received Import Request.
  Time since last request: 0.044640 seconds.
  path: Assets/Characters/Natalia/Animations/Natalia@Crawling.fbx
  artifactKey: Guid(12ed39977d88d2dd9bdf9220ff5b8625) Importer(815301076,1909f56bfc062723c751e8b465ee728b)
Start importing Assets/Characters/Natalia/Animations/Natalia@Crawling.fbx using Guid(12ed39977d88d2dd9bdf9220ff5b8625) Importer(815301076,1909f56bfc062723c751e8b465ee728b)  -> (artifact id: '61b33342e58c53edb3115c3170fa2b9f') in 0.094820 seconds 
========================================================================
Received Import Request.
  Time since last request: 0.000039 seconds.
  path: Assets/Characters/Natalia/Animations/Natalia_Motion.fbx
  artifactKey: Guid(3ee539a9fd1eee6269d7865b9c03cf93) Importer(815301076,1909f56bfc062723c751e8b465ee728b)
Start importing Assets/Characters/Natalia/Animations/Natalia_Motion.fbx using Guid(3ee539a9fd1eee6269d7865b9c03cf93) Importer(815301076,1909f56bfc062723c751e8b465ee728b)  -> (artifact id: '93346b579352fd8371937cc49d6da724') in 0.085317 seconds 
========================================================================
Received Import Request.
  Time since last request: 0.000040 seconds.
  path: Assets/Characters/Natalia/Animations/Natalia@Idle.fbx
  artifactKey: Guid(bfda2038a340bbd318c2101b38274eea) Importer(815301076,1909f56bfc062723c751e8b465ee728b)
Start importing Assets/Characters/Natalia/Animations/Natalia@Idle.fbx using Guid(bfda2038a340bbd318c2101b38274eea) Importer(815301076,1909f56bfc062723c751e8b465ee728b)  -> (artifact id: '50cfca60a90457eae21a7f8b15937d63') in 0.102518 seconds 
========================================================================
Received Import Request.
  Time since last request: 0.000036 seconds.
  path: Assets/Characters/Natalia/Animations/Natalia@Great Sword Idle.fbx
  artifactKey: Guid(54b0de5bf1647340591b8b94052386e5) Importer(815301076,1909f56bfc062723c751e8b465ee728b)
Start importing Assets/Characters/Natalia/Animations/Natalia@Great Sword Idle.fbx using Guid(54b0de5bf1647340591b8b94052386e5) Importer(815301076,1909f56bfc062723c751e8b465ee728b)  -> (artifact id: 'bee282bcca54efa63fadd13057f9909c') in 0.088570 seconds 
========================================================================
Received Import Request.
  Time since last request: 14.155739 seconds.
  path: Assets/Characters/Natalia/Animations/Natalia.controller
  artifactKey: Guid(7d93f6516bf3655cc8d34480890f86e6) Importer(815301076,1909f56bfc062723c751e8b465ee728b)
Start importing Assets/Characters/Natalia/Animations/Natalia.controller using Guid(7d93f6516bf3655cc8d34480890f86e6) Importer(815301076,1909f56bfc062723c751e8b465ee728b)  -> (artifact id: 'd10ad3325ec7c0e15898575970020c14') in 0.023691 seconds 
========================================================================
Received Import Request.
  Time since last request: 48.486205 seconds.
  path: Assets/Characters/Creno/Animations
  artifactKey: Guid(f13ed89baaff6724c8cee0dc20d29466) Importer(815301076,1909f56bfc062723c751e8b465ee728b)
Start importing Assets/Characters/Creno/Animations using Guid(f13ed89baaff6724c8cee0dc20d29466) Importer(815301076,1909f56bfc062723c751e8b465ee728b)  -> (artifact id: 'fe36841c9c9b16d0fd7c6abdfcd4abeb') in 0.006876 seconds 
========================================================================
Received Import Request.
  Time since last request: 266.066201 seconds.
  path: Assets/Characters/Creno/Creno.prefab
  artifactKey: Guid(a7be9982e6deacd4f8c78b84e6b30da1) Importer(815301076,1909f56bfc062723c751e8b465ee728b)
Start importing Assets/Characters/Creno/Creno.prefab using Guid(a7be9982e6deacd4f8c78b84e6b30da1) Importer(815301076,1909f56bfc062723c751e8b465ee728b)  -> (artifact id: 'b240d912cee0762a31e4959910ab8496') in 1.098593 seconds 
========================================================================
Received Import Request.
  Time since last request: 0.000088 seconds.
  path: Assets/Characters/Creno/Player.prefab
  artifactKey: Guid(70d43dab218f76c4d8826bd0a09107cc) Importer(815301076,1909f56bfc062723c751e8b465ee728b)
Start importing Assets/Characters/Creno/Player.prefab using Guid(70d43dab218f76c4d8826bd0a09107cc) Importer(815301076,1909f56bfc062723c751e8b465ee728b)  -> (artifact id: 'abf58fd5b2629fb6284ebd97ec8036bd') in 1.163489 seconds 
========================================================================
Received Import Request.
  Time since last request: 5.297892 seconds.
  path: Assets/Scenes/PracticeMode.unity
  artifactKey: Guid(46779bcc89c85cc45a0e799be3238b66) Importer(815301076,1909f56bfc062723c751e8b465ee728b)
Start importing Assets/Scenes/PracticeMode.unity using Guid(46779bcc89c85cc45a0e799be3238b66) Importer(815301076,1909f56bfc062723c751e8b465ee728b)  -> (artifact id: '9c14b69b85a756abd780d852225a5971') in 0.006768 seconds 
========================================================================
Received Import Request.
  Time since last request: 9.405907 seconds.
  path: Assets/Scenes/Test Scene.unity
  artifactKey: Guid(353233c3c5afe0545885bffe382928d1) Importer(815301076,1909f56bfc062723c751e8b465ee728b)
Start importing Assets/Scenes/Test Scene.unity using Guid(353233c3c5afe0545885bffe382928d1) Importer(815301076,1909f56bfc062723c751e8b465ee728b)  -> (artifact id: 'c8bb3647c5a5cd3695e68a7b68e2cbcf') in 0.009584 seconds 
========================================================================
Received Import Request.
  Time since last request: 15.199760 seconds.
  path: Assets/Materials
  artifactKey: Guid(d0234ba368eeec9418390da711bfdad0) Importer(815301076,1909f56bfc062723c751e8b465ee728b)
Start importing Assets/Materials using Guid(d0234ba368eeec9418390da711bfdad0) Importer(815301076,1909f56bfc062723c751e8b465ee728b)  -> (artifact id: '83ba00896bd7bf65fb5a99f472f277dc') in 0.006768 seconds 
========================================================================
Received Import Request.
  Time since last request: 0.039702 seconds.
  path: Assets/Materials/111.png
  artifactKey: Guid(2ebca20ad8fd4de458b7189b05f1e1be) Importer(815301076,1909f56bfc062723c751e8b465ee728b)
Start importing Assets/Materials/111.png using Guid(2ebca20ad8fd4de458b7189b05f1e1be) Importer(815301076,1909f56bfc062723c751e8b465ee728b)  -> (artifact id: '24b624fbc993e3f932f484bd033812dd') in 0.382932 seconds 
========================================================================
Received Import Request.
  Time since last request: 0.000049 seconds.
  path: Assets/Materials/Shadow.mat
  artifactKey: Guid(870c62c0823f7b348991142154ec637b) Importer(815301076,1909f56bfc062723c751e8b465ee728b)
Start importing Assets/Materials/Shadow.mat using Guid(870c62c0823f7b348991142154ec637b) Importer(815301076,1909f56bfc062723c751e8b465ee728b)  -> (artifact id: '389360199d9b34978990279a7dcb56ef') in 0.332592 seconds 
========================================================================
Received Import Request.
  Time since last request: 0.000036 seconds.
  path: Assets/Materials/SubwayWall.mat
  artifactKey: Guid(a592da02c659d2a4fa69008eb7372afe) Importer(815301076,1909f56bfc062723c751e8b465ee728b)
Start importing Assets/Materials/SubwayWall.mat using Guid(a592da02c659d2a4fa69008eb7372afe) Importer(815301076,1909f56bfc062723c751e8b465ee728b)  -> (artifact id: 'eab3a04dfdbaa7412a68fb99bf1d636b') in 0.308803 seconds 
========================================================================
Received Import Request.
  Time since last request: 0.000048 seconds.
  path: Assets/Materials/Rail.mat
  artifactKey: Guid(df2148c850de7104d8f3afa8de821674) Importer(815301076,1909f56bfc062723c751e8b465ee728b)
Start importing Assets/Materials/Rail.mat using Guid(df2148c850de7104d8f3afa8de821674) Importer(815301076,1909f56bfc062723c751e8b465ee728b)  -> (artifact id: 'a3311b5bdb176e5e2895fe8b1135e4cb') in 0.053580 seconds 
========================================================================
Received Import Request.
  Time since last request: 0.000032 seconds.
  path: Assets/Materials/ToonLand.mat
  artifactKey: Guid(f8d11f9e378ac214093d7b45b1b16a9d) Importer(815301076,1909f56bfc062723c751e8b465ee728b)
Start importing Assets/Materials/ToonLand.mat using Guid(f8d11f9e378ac214093d7b45b1b16a9d) Importer(815301076,1909f56bfc062723c751e8b465ee728b)  -> (artifact id: 'df3c6badd7fcd22ebab5fca11a088109') in 0.060272 seconds 
========================================================================
Received Import Request.
  Time since last request: 0.000028 seconds.
  path: Assets/Materials/Crystal.mat
  artifactKey: Guid(ae742ef759ac4324388d6fb5d28c6941) Importer(815301076,1909f56bfc062723c751e8b465ee728b)
Start importing Assets/Materials/Crystal.mat using Guid(ae742ef759ac4324388d6fb5d28c6941) Importer(815301076,1909f56bfc062723c751e8b465ee728b)  -> (artifact id: 'e53270cffcf449837cf03f54cc7457e9') in 0.357925 seconds 
========================================================================
Received Import Request.
  Time since last request: 0.000046 seconds.
  path: Assets/Materials/Glass.mat
  artifactKey: Guid(448bee748994ee841aa90bc6e66927e3) Importer(815301076,1909f56bfc062723c751e8b465ee728b)
Start importing Assets/Materials/Glass.mat using Guid(448bee748994ee841aa90bc6e66927e3) Importer(815301076,1909f56bfc062723c751e8b465ee728b)  -> (artifact id: 'aa8ff75f314439c14251369c2be57a17') in 0.096477 seconds 
========================================================================
Received Import Request.
  Time since last request: 0.000046 seconds.
  path: Assets/Materials/LitBox.mat
  artifactKey: Guid(ffd3b20491dbda046ac47832331048c4) Importer(815301076,1909f56bfc062723c751e8b465ee728b)
Start importing Assets/Materials/LitBox.mat using Guid(ffd3b20491dbda046ac47832331048c4) Importer(815301076,1909f56bfc062723c751e8b465ee728b)  -> (artifact id: '9ef0de24e104921f571f97d0dade033a') in 0.230706 seconds 
========================================================================
Received Import Request.
  Time since last request: 0.000060 seconds.
  path: Assets/Materials/Skybox_Mat.mat
  artifactKey: Guid(0ffaa0b7117ba8c47a9d05ae701d4b4d) Importer(815301076,1909f56bfc062723c751e8b465ee728b)
Start importing Assets/Materials/Skybox_Mat.mat using Guid(0ffaa0b7117ba8c47a9d05ae701d4b4d) Importer(815301076,1909f56bfc062723c751e8b465ee728b)  -> (artifact id: '4bdc0fb39c457851df02591676086962') in 0.336338 seconds 
========================================================================
Received Import Request.
  Time since last request: 0.000038 seconds.
  path: Assets/Materials/SwordLight.mat
  artifactKey: Guid(a08873faf4b738344b69537c6b1e145a) Importer(815301076,1909f56bfc062723c751e8b465ee728b)
Start importing Assets/Materials/SwordLight.mat using Guid(a08873faf4b738344b69537c6b1e145a) Importer(815301076,1909f56bfc062723c751e8b465ee728b)  -> (artifact id: '5559d678f488919f7b858244097f59af') in 0.254478 seconds 
========================================================================
Received Import Request.
  Time since last request: 0.000050 seconds.
  path: Assets/Materials/Blur.mat
  artifactKey: Guid(43ef8ff54effd534c8186ed7b07d5839) Importer(815301076,1909f56bfc062723c751e8b465ee728b)
Start importing Assets/Materials/Blur.mat using Guid(43ef8ff54effd534c8186ed7b07d5839) Importer(815301076,1909f56bfc062723c751e8b465ee728b)  -> (artifact id: '60533ee6663a924abad4b00a344c86ca') in 0.517883 seconds 
========================================================================
Received Import Request.
  Time since last request: 0.000041 seconds.
  path: Assets/Materials/LED.mat
  artifactKey: Guid(2515f71fb93ab9a4f803b928688a5407) Importer(815301076,1909f56bfc062723c751e8b465ee728b)
Start importing Assets/Materials/LED.mat using Guid(2515f71fb93ab9a4f803b928688a5407) Importer(815301076,1909f56bfc062723c751e8b465ee728b)  -> (artifact id: '6b8b09df8dcb8df9a8585624d00cb292') in 0.938538 seconds 
========================================================================
Received Import Request.
  Time since last request: 0.000032 seconds.
  path: Assets/Materials/Outline.mat
  artifactKey: Guid(82db57fb113ec99469d9e69201598825) Importer(815301076,1909f56bfc062723c751e8b465ee728b)
Start importing Assets/Materials/Outline.mat using Guid(82db57fb113ec99469d9e69201598825) Importer(815301076,1909f56bfc062723c751e8b465ee728b)  -> (artifact id: '87069318ceec3fc0d5d281288f197147') in 0.220794 seconds 
========================================================================
Received Import Request.
  Time since last request: 0.000046 seconds.
  path: Assets/Materials/Shadow 1.mat
  artifactKey: Guid(c3c79374c6bee064b9fc020aed646ef9) Importer(815301076,1909f56bfc062723c751e8b465ee728b)
Start importing Assets/Materials/Shadow 1.mat using Guid(c3c79374c6bee064b9fc020aed646ef9) Importer(815301076,1909f56bfc062723c751e8b465ee728b)  -> (artifact id: '0bb0f3c6a30702bf8bcef5e30d06f9ac') in 0.080867 seconds 
========================================================================
Received Import Request.
  Time since last request: 0.000026 seconds.
  path: Assets/Materials/EnergyF.mat
  artifactKey: Guid(ccc7ecc44c7bbc842b97a5539e85f884) Importer(815301076,1909f56bfc062723c751e8b465ee728b)
Start importing Assets/Materials/EnergyF.mat using Guid(ccc7ecc44c7bbc842b97a5539e85f884) Importer(815301076,1909f56bfc062723c751e8b465ee728b)  -> (artifact id: 'e9f168cec3095fb4b9884a53b201f788') in 0.468152 seconds 
========================================================================
Received Import Request.
  Time since last request: 0.000067 seconds.
  path: Assets/Materials/EnergyE.mat
  artifactKey: Guid(b4b37d5f2e42a594cad90e3514fbcd5c) Importer(815301076,1909f56bfc062723c751e8b465ee728b)
Start importing Assets/Materials/EnergyE.mat using Guid(b4b37d5f2e42a594cad90e3514fbcd5c) Importer(815301076,1909f56bfc062723c751e8b465ee728b)  -> (artifact id: 'c0c75529039b0b67e005f0a121ade46f') in 0.133331 seconds 
========================================================================
Received Import Request.
  Time since last request: 0.000048 seconds.
  path: Assets/Materials/wall.png
  artifactKey: Guid(4d4d98d27a1af9040b67b09ab72fe5d1) Importer(815301076,1909f56bfc062723c751e8b465ee728b)
Start importing Assets/Materials/wall.png using Guid(4d4d98d27a1af9040b67b09ab72fe5d1) Importer(815301076,1909f56bfc062723c751e8b465ee728b)  -> (artifact id: '6525cf6696534eec097c6fc7d2e751d1') in 0.028082 seconds 
========================================================================
Received Import Request.
  Time since last request: 0.000039 seconds.
  path: Assets/Materials/112.png
  artifactKey: Guid(77cf3d5ce7fce694f95f1b89ed495d03) Importer(815301076,1909f56bfc062723c751e8b465ee728b)
Start importing Assets/Materials/112.png using Guid(77cf3d5ce7fce694f95f1b89ed495d03) Importer(815301076,1909f56bfc062723c751e8b465ee728b)  -> (artifact id: '19866bd965359910983fa324244d28b9') in 0.024184 seconds 
========================================================================
Received Import Request.
  Time since last request: 0.000031 seconds.
  path: Assets/Characters/Natalia/Natalia.prefab
  artifactKey: Guid(0cef48cb926a9704296c560d3d644567) Importer(815301076,1909f56bfc062723c751e8b465ee728b)
Start importing Assets/Characters/Natalia/Natalia.prefab using Guid(0cef48cb926a9704296c560d3d644567) Importer(815301076,1909f56bfc062723c751e8b465ee728b)  -> (artifact id: 'ca3fb9b46c0fbe083c53de2fcf2883d9') in 2.403475 seconds 
========================================================================
Received Import Request.
  Time since last request: 0.000057 seconds.
  path: Assets/Characters/Natalia/Natalia.Materials/N00_000_00_FaceMouth_00_FACE (Instance).asset
  artifactKey: Guid(4872730409e1c6cf3a92529fb9101867) Importer(815301076,1909f56bfc062723c751e8b465ee728b)
Start importing Assets/Characters/Natalia/Natalia.Materials/N00_000_00_FaceMouth_00_FACE (Instance).asset using Guid(4872730409e1c6cf3a92529fb9101867) Importer(815301076,1909f56bfc062723c751e8b465ee728b)  -> (artifact id: 'e7b96d8d2c7f444851397855ea99e669') in 0.088875 seconds 
========================================================================
Received Import Request.
  Time since last request: 0.000062 seconds.
  path: Assets/Characters/Natalia/Natalia.Materials/N00_000_00_Body_00_SKIN (Instance).asset
  artifactKey: Guid(52699f82144a7188d8b92f023eee2b6d) Importer(815301076,1909f56bfc062723c751e8b465ee728b)
Start importing Assets/Characters/Natalia/Natalia.Materials/N00_000_00_Body_00_SKIN (Instance).asset using Guid(52699f82144a7188d8b92f023eee2b6d) Importer(815301076,1909f56bfc062723c751e8b465ee728b)  -> (artifact id: 'c26695979415b0cfdf39534b3bf826da') in 0.073261 seconds 
========================================================================
Received Import Request.
  Time since last request: 231.991468 seconds.
  path: Assets/Characters/Natalia/Weapon.fbx
  artifactKey: Guid(fc94b7819f4fc71a8a5a811814f035c3) Importer(815301076,1909f56bfc062723c751e8b465ee728b)
Start importing Assets/Characters/Natalia/Weapon.fbx using Guid(fc94b7819f4fc71a8a5a811814f035c3) Importer(815301076,1909f56bfc062723c751e8b465ee728b)  -> (artifact id: 'c59f87d56d8b1783e0e126c246130c3e') in 0.040793 seconds 
========================================================================
Received Import Request.
  Time since last request: 68.840763 seconds.
  path: Assets/Characters/Natalia/Weapon.fbx
  artifactKey: Guid(fc94b7819f4fc71a8a5a811814f035c3) Importer(815301076,1909f56bfc062723c751e8b465ee728b)
Start importing Assets/Characters/Natalia/Weapon.fbx using Guid(fc94b7819f4fc71a8a5a811814f035c3) Importer(815301076,1909f56bfc062723c751e8b465ee728b)  -> (artifact id: 'd384b6c31b6e1d4827267f76e5570c0d') in 0.057961 seconds 
========================================================================
Received Import Request.
  Time since last request: 2.879968 seconds.
  path: Assets/Characters/Natalia/Materials
  artifactKey: Guid(ab62bab882f5f7fcf85921705ee94e3d) Importer(815301076,1909f56bfc062723c751e8b465ee728b)
Start importing Assets/Characters/Natalia/Materials using Guid(ab62bab882f5f7fcf85921705ee94e3d) Importer(815301076,1909f56bfc062723c751e8b465ee728b)  -> (artifact id: '856f179781caf6022af66a68bc3f59fc') in 0.007429 seconds 
========================================================================
Received Import Request.
  Time since last request: 0.045066 seconds.
  path: Assets/Characters/Natalia/Materials/Natalia_Weapon_UV2.mat
  artifactKey: Guid(5dce8a107d57b1436b22437a3c390d05) Importer(815301076,1909f56bfc062723c751e8b465ee728b)
Start importing Assets/Characters/Natalia/Materials/Natalia_Weapon_UV2.mat using Guid(5dce8a107d57b1436b22437a3c390d05) Importer(815301076,1909f56bfc062723c751e8b465ee728b)  -> (artifact id: 'bfc3e12e6a18c837cd6574b5ce7623ad') in 0.030083 seconds 
========================================================================
Received Import Request.
  Time since last request: 125.855946 seconds.
  path: Assets/Characters/Natalia/Weapon.fbx
  artifactKey: Guid(fc94b7819f4fc71a8a5a811814f035c3) Importer(815301076,1909f56bfc062723c751e8b465ee728b)
Start importing Assets/Characters/Natalia/Weapon.fbx using Guid(fc94b7819f4fc71a8a5a811814f035c3) Importer(815301076,1909f56bfc062723c751e8b465ee728b)  -> (artifact id: '022a6e488becdd7e8419b704af2e8849') in 0.047251 seconds 
========================================================================
Received Import Request.
  Time since last request: 369.710672 seconds.
  path: Assets/Characters/Natalia/Weapon.fbx
  artifactKey: Guid(fc94b7819f4fc71a8a5a811814f035c3) Importer(815301076,1909f56bfc062723c751e8b465ee728b)
Start importing Assets/Characters/Natalia/Weapon.fbx using Guid(fc94b7819f4fc71a8a5a811814f035c3) Importer(815301076,1909f56bfc062723c751e8b465ee728b)  -> (artifact id: '9f0d418936c8d9f2a7ea393e1fea88db') in 0.043370 seconds 
========================================================================
Received Import Request.
  Time since last request: 12.623047 seconds.
  path: Assets/Characters/Natalia/Animations/Natalia.controller
  artifactKey: Guid(7d93f6516bf3655cc8d34480890f86e6) Importer(815301076,1909f56bfc062723c751e8b465ee728b)
Start importing Assets/Characters/Natalia/Animations/Natalia.controller using Guid(7d93f6516bf3655cc8d34480890f86e6) Importer(815301076,1909f56bfc062723c751e8b465ee728b)  -> (artifact id: '8485c2408ae4e9e5ac2b9de93a482354') in 0.083843 seconds 
========================================================================
Received Import Request.
  Time since last request: 160.738088 seconds.
  path: Assets/Characters/Natalia/Natalia.prefab
  artifactKey: Guid(0cef48cb926a9704296c560d3d644567) Importer(815301076,1909f56bfc062723c751e8b465ee728b)
Start importing Assets/Characters/Natalia/Natalia.prefab using Guid(0cef48cb926a9704296c560d3d644567) Importer(815301076,1909f56bfc062723c751e8b465ee728b)  -> (artifact id: '983e8ad338b47787ab346e5fad875301') in 1.846266 seconds 
